Log file open, 04/24/22 11:13:57
LogWindows: Failed to load 'aqProf.dll' (GetLastError=126)
LogWindows: File 'aqProf.dll' does not exist
LogWindows: Failed to load 'VtuneApi.dll' (GetLastError=126)
LogWindows: File 'VtuneApi.dll' does not exist
LogWindows: Failed to load 'VtuneApi32e.dll' (GetLastError=126)
LogWindows: File 'VtuneApi32e.dll' does not exist
LogConsoleResponse: Display: Failed to find resolution value strings in scalability ini. Falling back to default.
LogConsoleResponse: Display: Failed to find resolution value strings in scalability ini. Falling back to default.
LogInit: Display: Running engine for game: TheSpellingGame
LogPlatformFile: Not using cached read wrapper
LogTaskGraph: Started task graph with 5 named threads and 11 total threads with 3 sets of task threads.
LogStats: Stats thread started at 0.500776
LogICUInternationalization: ICU TimeZone Detection - Raw Offset: +1:00, Platform Override: ''
LogInit: Display: Loading text-based GConfig....
LogPluginManager: Mounting plugin MeshPainting
LogPluginManager: Mounting plugin XGEController
LogPluginManager: Mounting plugin AISupport
LogPluginManager: Mounting plugin Paper2D
LogPluginManager: Mounting plugin EnvironmentQueryEditor
LogPluginManager: Mounting plugin LightPropagationVolume
LogPluginManager: Mounting plugin LiveLink
LogPluginManager: Mounting plugin CameraShakePreviewer
LogPluginManager: Mounting plugin GameplayCameras
LogPluginManager: Mounting plugin OodleData
LogPluginManager: Mounting plugin OodleNetwork
LogPluginManager: Mounting plugin AnimationSharing
LogPluginManager: Mounting plugin AssetManagerEditor
LogPluginManager: Mounting plugin CryptoKeys
LogPluginManager: Mounting plugin CurveEditorTools
LogPluginManager: Mounting plugin DataValidation
LogPluginManager: Mounting plugin CLionSourceCodeAccess
LogPluginManager: Mounting plugin CodeLiteSourceCodeAccess
LogPluginManager: Mounting plugin FacialAnimation
LogPluginManager: Mounting plugin GitSourceControl
LogPluginManager: Mounting plugin GameplayTagsEditor
LogPluginManager: Mounting plugin GeometryMode
LogPluginManager: Mounting plugin KDevelopSourceCodeAccess
LogPluginManager: Mounting plugin NullSourceCodeAccess
LogPluginManager: Mounting plugin MacGraphicsSwitching
LogPluginManager: Mounting plugin MaterialAnalyzer
LogPluginManager: Mounting plugin PerforceSourceControl
LogPluginManager: Mounting plugin MobileLauncherProfileWizard
LogPluginManager: Mounting plugin PixWinPlugin
LogPluginManager: Mounting plugin PlasticSourceControl
LogPluginManager: Mounting plugin PluginBrowser
LogPluginManager: Mounting plugin PluginUtils
LogPluginManager: Mounting plugin PropertyAccessNode
LogPluginManager: Mounting plugin SpeedTreeImporter
LogPluginManager: Mounting plugin RiderSourceCodeAccess
LogPluginManager: Mounting plugin SubversionSourceControl
LogPluginManager: Mounting plugin TextureFormatOodle
LogPluginManager: Mounting plugin UObjectPlugin
LogPluginManager: Mounting plugin VisualStudioCodeSourceCodeAccess
LogPluginManager: Mounting plugin VisualStudioSourceCodeAccess
LogPluginManager: Mounting plugin DatasmithContent
LogPluginManager: Mounting plugin XCodeSourceCodeAccess
LogPluginManager: Mounting plugin VariantManagerContent
LogPluginManager: Mounting plugin Niagara
LogPluginManager: Mounting plugin AlembicImporter
LogPluginManager: Mounting plugin AutomationUtils
LogPluginManager: Mounting plugin BackChannel
LogPluginManager: Mounting plugin ChaosCloth
LogPluginManager: Mounting plugin ChaosClothEditor
LogPluginManager: Mounting plugin ChaosEditor
LogPluginManager: Mounting plugin ChaosNiagara
LogPluginManager: Mounting plugin ChaosSolverPlugin
LogPluginManager: Mounting plugin CharacterAI
LogPluginManager: Mounting plugin GeometryCache
LogPluginManager: Mounting plugin GeometryCollectionPlugin
LogPluginManager: Mounting plugin AndroidMedia
LogPluginManager: Mounting plugin LuminPlatformFeatures
LogPluginManager: Mounting plugin MagicLeap
LogPluginManager: Mounting plugin AvfMedia
LogPluginManager: Mounting plugin MagicLeapLightEstimation
LogPluginManager: Mounting plugin MagicLeapMedia
LogPluginManager: Mounting plugin ImgMedia
LogPluginManager: Mounting plugin MediaCompositing
LogPluginManager: Mounting plugin MagicLeapPassableWorld
LogPluginManager: Mounting plugin MediaPlayerEditor
LogPluginManager: Mounting plugin MLSDK
LogPluginManager: Mounting plugin GeometryProcessing
LogPluginManager: Mounting plugin WebMMedia
LogPluginManager: Mounting plugin WmfMedia
LogPluginManager: Mounting plugin MotoSynth
LogPluginManager: Mounting plugin OpenImageDenoise
LogPluginManager: Mounting plugin PlanarCut
LogPluginManager: Mounting plugin PlatformCrypto
LogPluginManager: Mounting plugin ProxyLODPlugin
LogPluginManager: Mounting plugin PythonScriptPlugin
LogPluginManager: Mounting plugin SkeletalReduction
LogPluginManager: Mounting plugin TcpMessaging
LogPluginManager: Mounting plugin UdpMessaging
LogPluginManager: Mounting plugin ActorSequence
LogPluginManager: Mounting plugin LevelSequenceEditor
LogPluginManager: Mounting plugin MatineeToLevelSequence
LogPluginManager: Mounting plugin TemplateSequence
LogPluginManager: Mounting plugin OnlineSubsystem
LogPluginManager: Mounting plugin OnlineSubsystemNull
LogPluginManager: Mounting plugin OnlineSubsystemUtils
LogPluginManager: Mounting plugin LauncherChunkInstaller
LogPluginManager: Mounting plugin ActorLayerUtilities
LogPluginManager: Mounting plugin AndroidDeviceProfileSelector
LogPluginManager: Mounting plugin AndroidPermission
LogPluginManager: Mounting plugin AppleImageUtils
LogPluginManager: Mounting plugin AndroidMoviePlayer
LogPluginManager: Mounting plugin AppleMoviePlayer
LogPluginManager: Mounting plugin ArchVisCharacter
LogPluginManager: Mounting plugin AssetTags
LogPluginManager: Mounting plugin AudioCapture
LogPluginManager: Mounting plugin AudioSynesthesia
LogPluginManager: Mounting plugin CableComponent
LogPluginManager: Mounting plugin ChunkDownloader
LogPluginManager: Mounting plugin CustomMeshComponent
LogPluginManager: Mounting plugin EditableMesh
LogPluginManager: Mounting plugin ExampleDeviceProfileSelector
LogPluginManager: Mounting plugin GoogleCloudMessaging
LogPluginManager: Mounting plugin GooglePAD
LogPluginManager: Mounting plugin IOSDeviceProfileSelector
LogPluginManager: Mounting plugin LinuxDeviceProfileSelector
LogPluginManager: Mounting plugin LocationServicesBPLibrary
LogPluginManager: Mounting plugin MobilePatchingUtils
LogPluginManager: Mounting plugin OpenXR
LogPluginManager: Mounting plugin OpenXREyeTracker
LogPluginManager: Mounting plugin OpenXRHandTracking
LogPluginManager: Mounting plugin PhysXVehicles
LogPluginManager: Mounting plugin PostSplashScreen
LogPluginManager: Mounting plugin ProceduralMeshComponent
LogPluginManager: Mounting plugin PropertyAccessEditor
LogPluginManager: Mounting plugin RuntimePhysXCooking
LogPluginManager: Mounting plugin SignificanceManager
LogPluginManager: Mounting plugin SoundFields
LogPluginManager: Mounting plugin Synthesis
LogPluginManager: Mounting plugin WebMMoviePlayer
LogPluginManager: Mounting plugin WindowsMoviePlayer
LogPluginManager: Mounting plugin ScreenshotTools
LogPluginManager: Mounting plugin Takes
LogPluginManager: Mounting plugin ContentBrowserAssetDataSource
LogPluginManager: Mounting plugin ContentBrowserClassDataSource
LogPluginManager: Mounting plugin ContentBrowserFileDataSource
LogPluginManager: Mounting plugin OnlineSubsystemGooglePlay
LogPluginManager: Mounting plugin OnlineSubsystemIOS
LogPluginManager: Mounting plugin OculusVR
LogPluginManager: Mounting plugin SteamVR
PixWinPlugin: PIX capture plugin failed to initialize! Check that the process is launched from PIX.
LogLuminAPIImpl: Warning: MLSDK not found.  This likely means the MLSDK environment variable is not set.
LogInit: Using libcurl 7.55.1-DEV
LogInit:  - built for x86_64-pc-win32
LogInit:  - supports SSL with OpenSSL/1.1.1
LogInit:  - supports HTTP deflate (compression) using libz 1.2.8
LogInit:  - other features:
LogInit:      CURL_VERSION_SSL
LogInit:      CURL_VERSION_LIBZ
LogInit:      CURL_VERSION_IPV6
LogInit:      CURL_VERSION_ASYNCHDNS
LogInit:      CURL_VERSION_LARGEFILE
LogInit:      CURL_VERSION_IDN
LogInit:  CurlRequestOptions (configurable via config and command line):
LogInit:  - bVerifyPeer = true  - Libcurl will verify peer certificate
LogInit:  - bUseHttpProxy = false  - Libcurl will NOT use HTTP proxy
LogInit:  - bDontReuseConnections = false  - Libcurl will reuse connections
LogInit:  - MaxHostConnections = 16  - Libcurl will limit the number of connections to a host
LogInit:  - LocalHostAddr = Default
LogInit:  - BufferSize = 65536
LogOnline: OSS: Creating online subsystem instance for: NULL
LogInit: WinSock: version 1.1 (2.2), MaxSocks=32767, MaxUdp=65467
LogOnline: OSS: TryLoadSubsystemAndSetDefault: Loaded subsystem for module [NULL]
LogOculusPluginWrapper: OculusPlugin initialized successfully
LogHMD: Failed initializing OVRPlugin 1.59.0
LogInit: Build: ++UE4+Release-4.27-CL-18319896
LogInit: Engine Version: 4.27.2-18319896+++UE4+Release-4.27
LogInit: Compatible Engine Version: 4.27.0-17155196+++UE4+Release-4.27
LogInit: Net CL: 17155196
LogInit: OS: Windows 10 (Release 2009) (), CPU: Intel(R) Core(TM) i5-7200U CPU @ 2.50GHz, GPU: Intel(R) HD Graphics 620
LogInit: Compiled (64-bit): Nov 30 2021 07:12:08
LogInit: Compiled with Visual C++: 19.24.28315.00
LogInit: Build Configuration: Development
LogInit: Branch Name: ++UE4+Release-4.27
LogInit: Command Line:  -EpicPortal -epicusername=Lenijer -epicuserid=5fb4224bfbf346968f32d34e9304e290 -epiclocale=en -epicsandboxid=ue
LogInit: Base Directory: C:/Program Files/Epic Games/UE_4.27/Engine/Binaries/Win64/
LogInit: Allocator: TBB
LogInit: Installed Engine Build: 1
LogDevObjectVersion: Number of dev versions registered: 29
LogDevObjectVersion:   Dev-Blueprints (B0D832E4-1F89-4F0D-ACCF-7EB736FD4AA2): 10
LogDevObjectVersion:   Dev-Build (E1C64328-A22C-4D53-A36C-8E866417BD8C): 0
LogDevObjectVersion:   Dev-Core (375EC13C-06E4-48FB-B500-84F0262A717E): 4
LogDevObjectVersion:   Dev-Editor (E4B068ED-F494-42E9-A231-DA0B2E46BB41): 40
LogDevObjectVersion:   Dev-Framework (CFFC743F-43B0-4480-9391-14DF171D2073): 37
LogDevObjectVersion:   Dev-Mobile (B02B49B5-BB20-44E9-A304-32B752E40360): 3
LogDevObjectVersion:   Dev-Networking (A4E4105C-59A1-49B5-A7C5-40C4547EDFEE): 0
LogDevObjectVersion:   Dev-Online (39C831C9-5AE6-47DC-9A44-9C173E1C8E7C): 0
LogDevObjectVersion:   Dev-Physics (78F01B33-EBEA-4F98-B9B4-84EACCB95AA2): 14
LogDevObjectVersion:   Dev-Platform (6631380F-2D4D-43E0-8009-CF276956A95A): 0
LogDevObjectVersion:   Dev-Rendering (12F88B9F-8875-4AFC-A67C-D90C383ABD29): 45
LogDevObjectVersion:   Dev-Sequencer (7B5AE74C-D270-4C10-A958-57980B212A5A): 13
LogDevObjectVersion:   Dev-VR (D7296918-1DD6-4BDD-9DE2-64A83CC13884): 3
LogDevObjectVersion:   Dev-LoadTimes (C2A15278-BFE7-4AFE-6C17-90FF531DF755): 1
LogDevObjectVersion:   Private-Geometry (6EACA3D4-40EC-4CC1-B786-8BED09428FC5): 3
LogDevObjectVersion:   Dev-AnimPhys (29E575DD-E0A3-4627-9D10-D276232CDCEA): 17
LogDevObjectVersion:   Dev-Anim (AF43A65D-7FD3-4947-9873-3E8ED9C1BB05): 15
LogDevObjectVersion:   Dev-ReflectionCapture (6B266CEC-1EC7-4B8F-A30B-E4D90942FC07): 1
LogDevObjectVersion:   Dev-Automation (0DF73D61-A23F-47EA-B727-89E90C41499A): 1
LogDevObjectVersion:   FortniteMain (601D1886-AC64-4F84-AA16-D3DE0DEAC7D6): 47
LogDevObjectVersion:   FortniteRelease (E7086368-6B23-4C58-8439-1B7016265E91): 1
LogDevObjectVersion:   Dev-Enterprise (9DFFBCD6-494F-0158-E221-12823C92A888): 10
LogDevObjectVersion:   Dev-Niagara (F2AED0AC-9AFE-416F-8664-AA7FFA26D6FC): 1
LogDevObjectVersion:   Dev-Destruction (174F1F0B-B4C6-45A5-B13F-2EE8D0FB917D): 10
LogDevObjectVersion:   Dev-Physics-Ext (35F94A83-E258-406C-A318-09F59610247C): 41
LogDevObjectVersion:   Dev-PhysicsMaterial-Chaos (B68FC16E-8B1B-42E2-B453-215C058844FE): 1
LogDevObjectVersion:   Dev-CineCamera (B2E18506-4273-CFC2-A54E-F4BB758BBA07): 1
LogDevObjectVersion:   Dev-VirtualProduction (64F58936-FD1B-42BA-BA96-7289D5D0FA4E): 1
LogDevObjectVersion:   Dev-MediaFramework (6F0ED827-A609-4895-9C91-998D90180EA4): 2
LogInit: Presizing for max 25165824 objects, including 0 objects not considered by GC, pre-allocating 0 bytes for permanent pool.
LogConfig: Applying CVar settings from Section [/Script/Engine.StreamingSettings] File [C:/Users/Lenita/Documents/GitHub/The-Spelling-Game/TheSpellingGame/Saved/Config/Windows/Engine.ini]
LogConfig: Setting CVar [[s.MinBulkDataSizeForAsyncLoading:131072]]
LogConfig: Setting CVar [[s.AsyncLoadingThreadEnabled:0]]
LogConfig: Setting CVar [[s.EventDrivenLoaderEnabled:1]]
LogConfig: Setting CVar [[s.WarnIfTimeLimitExceeded:0]]
LogConfig: Setting CVar [[s.TimeLimitExceededMultiplier:1.5]]
LogConfig: Setting CVar [[s.TimeLimitExceededMinTime:0.005]]
LogConfig: Setting CVar [[s.UseBackgroundLevelStreaming:1]]
LogConfig: Setting CVar [[s.PriorityAsyncLoadingExtraTime:15.0]]
LogConfig: Setting CVar [[s.LevelStreamingActorsUpdateTimeLimit:5.0]]
LogConfig: Setting CVar [[s.PriorityLevelStreamingActorsUpdateExtraTime:5.0]]
LogConfig: Setting CVar [[s.LevelStreamingComponentsRegistrationGranularity:10]]
LogConfig: Setting CVar [[s.UnregisterComponentsTimeLimit:1.0]]
LogConfig: Setting CVar [[s.LevelStreamingComponentsUnregistrationGranularity:5]]
LogConfig: Setting CVar [[s.FlushStreamingOnExit:1]]
LogInit: Object subsystem initialized
LogConfig: Setting CVar [[con.DebugEarlyDefault:1]]
LogConfig: Setting CVar [[r.setres:1280x720]]
[2022.04.24-09.13.58:810][  0]LogConfig: Setting CVar [[r.VSync:0]]
[2022.04.24-09.13.58:810][  0]LogConfig: Setting CVar [[r.RHICmdBypass:0]]
[2022.04.24-09.13.58:810][  0]LogConfig: Applying CVar settings from Section [/Script/Engine.RendererSettings] File [C:/Users/Lenita/Documents/GitHub/The-Spelling-Game/TheSpellingGame/Saved/Config/Windows/Engine.ini]
[2022.04.24-09.13.58:810][  0]LogConfig: Setting CVar [[r.GPUCrashDebugging:0]]
[2022.04.24-09.13.58:810][  0]LogConfig: Applying CVar settings from Section [/Script/Engine.RendererOverrideSettings] File [C:/Users/Lenita/Documents/GitHub/The-Spelling-Game/TheSpellingGame/Saved/Config/Windows/Engine.ini]
[2022.04.24-09.13.58:811][  0]LogConfig: Applying CVar settings from Section [/Script/Engine.StreamingSettings] File [C:/Users/Lenita/Documents/GitHub/The-Spelling-Game/TheSpellingGame/Saved/Config/Windows/Engine.ini]
[2022.04.24-09.13.58:811][  0]LogConfig: Setting CVar [[s.MinBulkDataSizeForAsyncLoading:131072]]
[2022.04.24-09.13.58:811][  0]LogConfig: Setting CVar [[s.AsyncLoadingThreadEnabled:0]]
[2022.04.24-09.13.58:811][  0]LogConfig: Setting CVar [[s.EventDrivenLoaderEnabled:1]]
[2022.04.24-09.13.58:811][  0]LogConfig: Setting CVar [[s.WarnIfTimeLimitExceeded:0]]
[2022.04.24-09.13.58:811][  0]LogConfig: Setting CVar [[s.TimeLimitExceededMultiplier:1.5]]
[2022.04.24-09.13.58:811][  0]LogConfig: Setting CVar [[s.TimeLimitExceededMinTime:0.005]]
[2022.04.24-09.13.58:811][  0]LogConfig: Setting CVar [[s.UseBackgroundLevelStreaming:1]]
[2022.04.24-09.13.58:811][  0]LogConfig: Setting CVar [[s.PriorityAsyncLoadingExtraTime:15.0]]
[2022.04.24-09.13.58:811][  0]LogConfig: Setting CVar [[s.LevelStreamingActorsUpdateTimeLimit:5.0]]
[2022.04.24-09.13.58:811][  0]LogConfig: Setting CVar [[s.PriorityLevelStreamingActorsUpdateExtraTime:5.0]]
[2022.04.24-09.13.58:811][  0]LogConfig: Setting CVar [[s.LevelStreamingComponentsRegistrationGranularity:10]]
[2022.04.24-09.13.58:811][  0]LogConfig: Setting CVar [[s.UnregisterComponentsTimeLimit:1.0]]
[2022.04.24-09.13.58:811][  0]LogConfig: Setting CVar [[s.LevelStreamingComponentsUnregistrationGranularity:5]]
[2022.04.24-09.13.58:811][  0]LogConfig: Setting CVar [[s.FlushStreamingOnExit:1]]
[2022.04.24-09.13.58:811][  0]LogConfig: Applying CVar settings from Section [/Script/Engine.GarbageCollectionSettings] File [C:/Users/Lenita/Documents/GitHub/The-Spelling-Game/TheSpellingGame/Saved/Config/Windows/Engine.ini]
[2022.04.24-09.13.58:811][  0]LogConfig: Setting CVar [[gc.MaxObjectsNotConsideredByGC:1]]
[2022.04.24-09.13.58:811][  0]LogConfig: Setting CVar [[gc.SizeOfPermanentObjectPool:0]]
[2022.04.24-09.13.58:811][  0]LogConfig: Setting CVar [[gc.FlushStreamingOnGC:0]]
[2022.04.24-09.13.58:811][  0]LogConfig: Setting CVar [[gc.NumRetriesBeforeForcingGC:10]]
[2022.04.24-09.13.58:811][  0]LogConfig: Setting CVar [[gc.AllowParallelGC:1]]
[2022.04.24-09.13.58:811][  0]LogConfig: Setting CVar [[gc.TimeBetweenPurgingPendingKillObjects:61.1]]
[2022.04.24-09.13.58:811][  0]LogConfig: Setting CVar [[gc.MaxObjectsInEditor:25165824]]
[2022.04.24-09.13.58:811][  0]LogConfig: Setting CVar [[gc.IncrementalBeginDestroyEnabled:1]]
[2022.04.24-09.13.58:811][  0]LogConfig: Setting CVar [[gc.CreateGCClusters:1]]
[2022.04.24-09.13.58:811][  0]LogConfig: Setting CVar [[gc.MinGCClusterSize:5]]
[2022.04.24-09.13.58:811][  0]LogConfig: Setting CVar [[gc.ActorClusteringEnabled:0]]
[2022.04.24-09.13.58:811][  0]LogConfig: Setting CVar [[gc.BlueprintClusteringEnabled:0]]
[2022.04.24-09.13.58:811][  0]LogConfig: Setting CVar [[gc.UseDisregardForGCOnDedicatedServers:0]]
[2022.04.24-09.13.58:811][  0]LogConfig: Setting CVar [[gc.MultithreadedDestructionEnabled:1]]
[2022.04.24-09.13.58:811][  0]LogConfig: Applying CVar settings from Section [/Script/Engine.NetworkSettings] File [C:/Users/Lenita/Documents/GitHub/The-Spelling-Game/TheSpellingGame/Saved/Config/Windows/Engine.ini]
[2022.04.24-09.13.58:811][  0]LogConfig: Applying CVar settings from Section [/Script/UnrealEd.CookerSettings] File [C:/Users/Lenita/Documents/GitHub/The-Spelling-Game/TheSpellingGame/Saved/Config/Windows/Engine.ini]
[2022.04.24-09.13.58:833][  0]LogConfig: Applying CVar settings from Section [ViewDistanceQuality@3] File [C:/Users/Lenita/Documents/GitHub/The-Spelling-Game/TheSpellingGame/Saved/Config/Windows/Scalability.ini]
[2022.04.24-09.13.58:833][  0]LogConfig: Setting CVar [[r.SkeletalMeshLODBias:0]]
[2022.04.24-09.13.58:833][  0]LogConfig: Setting CVar [[r.ViewDistanceScale:1.0]]
[2022.04.24-09.13.58:833][  0]LogConfig: Applying CVar settings from Section [AntiAliasingQuality@3] File [C:/Users/Lenita/Documents/GitHub/The-Spelling-Game/TheSpellingGame/Saved/Config/Windows/Scalability.ini]
[2022.04.24-09.13.58:833][  0]LogConfig: Setting CVar [[r.PostProcessAAQuality:4]]
[2022.04.24-09.13.58:833][  0]LogConfig: Applying CVar settings from Section [ShadowQuality@3] File [C:/Users/Lenita/Documents/GitHub/The-Spelling-Game/TheSpellingGame/Saved/Config/Windows/Scalability.ini]
[2022.04.24-09.13.58:833][  0]LogConfig: Setting CVar [[r.LightFunctionQuality:1]]
[2022.04.24-09.13.58:833][  0]LogConfig: Setting CVar [[r.ShadowQuality:5]]
[2022.04.24-09.13.58:833][  0]LogConfig: Setting CVar [[r.Shadow.CSM.MaxCascades:10]]
[2022.04.24-09.13.58:833][  0]LogConfig: Setting CVar [[r.Shadow.MaxResolution:2048]]
[2022.04.24-09.13.58:833][  0]LogConfig: Setting CVar [[r.Shadow.MaxCSMResolution:2048]]
[2022.04.24-09.13.58:833][  0]LogConfig: Setting CVar [[r.Shadow.RadiusThreshold:0.01]]
[2022.04.24-09.13.58:833][  0]LogConfig: Setting CVar [[r.Shadow.DistanceScale:1.0]]
[2022.04.24-09.13.58:833][  0]LogConfig: Setting CVar [[r.Shadow.CSM.TransitionScale:1.0]]
[2022.04.24-09.13.58:833][  0]LogConfig: Setting CVar [[r.Shadow.PreShadowResolutionFactor:1.0]]
[2022.04.24-09.13.58:833][  0]LogConfig: Setting CVar [[r.DistanceFieldShadowing:1]]
[2022.04.24-09.13.58:833][  0]LogConfig: Setting CVar [[r.DistanceFieldAO:1]]
[2022.04.24-09.13.58:833][  0]LogConfig: Setting CVar [[r.AOQuality:2]]
[2022.04.24-09.13.58:833][  0]LogConfig: Setting CVar [[r.VolumetricFog:1]]
[2022.04.24-09.13.58:833][  0]LogConfig: Setting CVar [[r.VolumetricFog.GridPixelSize:8]]
[2022.04.24-09.13.58:833][  0]LogConfig: Setting CVar [[r.VolumetricFog.GridSizeZ:128]]
[2022.04.24-09.13.58:833][  0]LogConfig: Setting CVar [[r.VolumetricFog.HistoryMissSupersampleCount:4]]
[2022.04.24-09.13.58:833][  0]LogConfig: Setting CVar [[r.LightMaxDrawDistanceScale:1]]
[2022.04.24-09.13.58:833][  0]LogConfig: Setting CVar [[r.CapsuleShadows:1]]
[2022.04.24-09.13.58:833][  0]LogConfig: Applying CVar settings from Section [PostProcessQuality@3] File [C:/Users/Lenita/Documents/GitHub/The-Spelling-Game/TheSpellingGame/Saved/Config/Windows/Scalability.ini]
[2022.04.24-09.13.58:833][  0]LogConfig: Setting CVar [[r.MotionBlurQuality:4]]
[2022.04.24-09.13.58:833][  0]LogConfig: Setting CVar [[r.AmbientOcclusionMipLevelFactor:0.4]]
[2022.04.24-09.13.58:833][  0]LogConfig: Setting CVar [[r.AmbientOcclusionMaxQuality:100]]
[2022.04.24-09.13.58:833][  0]LogConfig: Setting CVar [[r.AmbientOcclusionLevels:-1]]
[2022.04.24-09.13.58:833][  0]LogConfig: Setting CVar [[r.AmbientOcclusionRadiusScale:1.0]]
[2022.04.24-09.13.58:833][  0]LogConfig: Setting CVar [[r.DepthOfFieldQuality:2]]
[2022.04.24-09.13.58:833][  0]LogConfig: Setting CVar [[r.RenderTargetPoolMin:400]]
[2022.04.24-09.13.58:833][  0]LogConfig: Setting CVar [[r.LensFlareQuality:2]]
[2022.04.24-09.13.58:833][  0]LogConfig: Setting CVar [[r.SceneColorFringeQuality:1]]
[2022.04.24-09.13.58:833][  0]LogConfig: Setting CVar [[r.EyeAdaptationQuality:2]]
[2022.04.24-09.13.58:833][  0]LogConfig: Setting CVar [[r.BloomQuality:5]]
[2022.04.24-09.13.58:833][  0]LogConfig: Setting CVar [[r.FastBlurThreshold:100]]
[2022.04.24-09.13.58:833][  0]LogConfig: Setting CVar [[r.Upscale.Quality:3]]
[2022.04.24-09.13.58:833][  0]LogConfig: Setting CVar [[r.Tonemapper.GrainQuantization:1]]
[2022.04.24-09.13.58:834][  0]LogConfig: Setting CVar [[r.LightShaftQuality:1]]
[2022.04.24-09.13.58:834][  0]LogConfig: Setting CVar [[r.Filter.SizeScale:1]]
[2022.04.24-09.13.58:834][  0]LogConfig: Setting CVar [[r.Tonemapper.Quality:5]]
[2022.04.24-09.13.58:834][  0]LogConfig: Setting CVar [[r.DOF.Gather.AccumulatorQuality:1        ; higher gathering accumulator quality]]
[2022.04.24-09.13.58:834][  0]LogConfig: Setting CVar [[r.DOF.Gather.PostfilterMethod:1          ; Median3x3 postfilering method]]
[2022.04.24-09.13.58:834][  0]LogConfig: Setting CVar [[r.DOF.Gather.EnableBokehSettings:0       ; no bokeh simulation when gathering]]
[2022.04.24-09.13.58:834][  0]LogConfig: Setting CVar [[r.DOF.Gather.RingCount:4                 ; medium number of samples when gathering]]
[2022.04.24-09.13.58:834][  0]LogConfig: Setting CVar [[r.DOF.Scatter.ForegroundCompositing:1    ; additive foreground scattering]]
[2022.04.24-09.13.58:834][  0]LogConfig: Setting CVar [[r.DOF.Scatter.BackgroundCompositing:2    ; additive background scattering]]
[2022.04.24-09.13.58:834][  0]LogConfig: Setting CVar [[r.DOF.Scatter.EnableBokehSettings:1      ; bokeh simulation when scattering]]
[2022.04.24-09.13.58:834][  0]LogConfig: Setting CVar [[r.DOF.Scatter.MaxSpriteRatio:0.1         ; only a maximum of 10% of scattered bokeh]]
[2022.04.24-09.13.58:834][  0]LogConfig: Setting CVar [[r.DOF.Recombine.Quality:1                ; cheap slight out of focus]]
[2022.04.24-09.13.58:834][  0]LogConfig: Setting CVar [[r.DOF.Recombine.EnableBokehSettings:0    ; no bokeh simulation on slight out of focus]]
[2022.04.24-09.13.58:834][  0]LogConfig: Setting CVar [[r.DOF.TemporalAAQuality:1                ; more stable temporal accumulation]]
[2022.04.24-09.13.58:834][  0]LogConfig: Setting CVar [[r.DOF.Kernel.MaxForegroundRadius:0.025]]
[2022.04.24-09.13.58:834][  0]LogConfig: Setting CVar [[r.DOF.Kernel.MaxBackgroundRadius:0.025]]
[2022.04.24-09.13.58:834][  0]LogConfig: Applying CVar settings from Section [TextureQuality@3] File [C:/Users/Lenita/Documents/GitHub/The-Spelling-Game/TheSpellingGame/Saved/Config/Windows/Scalability.ini]
[2022.04.24-09.13.58:834][  0]LogConfig: Setting CVar [[r.Streaming.MipBias:0]]
[2022.04.24-09.13.58:834][  0]LogConfig: Setting CVar [[r.Streaming.AmortizeCPUToGPUCopy:0]]
[2022.04.24-09.13.58:834][  0]LogConfig: Setting CVar [[r.Streaming.MaxNumTexturesToStreamPerFrame:0]]
[2022.04.24-09.13.58:834][  0]LogConfig: Setting CVar [[r.Streaming.Boost:1]]
[2022.04.24-09.13.58:834][  0]LogConfig: Setting CVar [[r.MaxAnisotropy:8]]
[2022.04.24-09.13.58:834][  0]LogConfig: Setting CVar [[r.VT.MaxAnisotropy:8]]
[2022.04.24-09.13.58:834][  0]LogConfig: Setting CVar [[r.Streaming.LimitPoolSizeToVRAM:0]]
[2022.04.24-09.13.58:834][  0]LogConfig: Setting CVar [[r.Streaming.PoolSize:1000]]
[2022.04.24-09.13.58:834][  0]LogConfig: Setting CVar [[r.Streaming.MaxEffectiveScreenSize:0]]
[2022.04.24-09.13.58:834][  0]LogConfig: Applying CVar settings from Section [EffectsQuality@3] File [C:/Users/Lenita/Documents/GitHub/The-Spelling-Game/TheSpellingGame/Saved/Config/Windows/Scalability.ini]
[2022.04.24-09.13.58:834][  0]LogConfig: Setting CVar [[r.TranslucencyLightingVolumeDim:64]]
[2022.04.24-09.13.58:834][  0]LogConfig: Setting CVar [[r.RefractionQuality:2]]
[2022.04.24-09.13.58:834][  0]LogConfig: Setting CVar [[r.SSR.Quality:3]]
[2022.04.24-09.13.58:834][  0]LogConfig: Setting CVar [[r.SSR.HalfResSceneColor:0]]
[2022.04.24-09.13.58:834][  0]LogConfig: Setting CVar [[r.SceneColorFormat:4]]
[2022.04.24-09.13.58:834][  0]LogConfig: Setting CVar [[r.DetailMode:2]]
[2022.04.24-09.13.58:834][  0]LogConfig: Setting CVar [[r.TranslucencyVolumeBlur:1]]
[2022.04.24-09.13.58:834][  0]LogConfig: Setting CVar [[r.MaterialQualityLevel:1 ; High quality]]
[2022.04.24-09.13.58:834][  0]LogConfig: Setting CVar [[r.AnisotropicMaterials:1]]
[2022.04.24-09.13.58:834][  0]LogConfig: Setting CVar [[r.SSS.Scale:1]]
[2022.04.24-09.13.58:834][  0]LogConfig: Setting CVar [[r.SSS.SampleSet:2]]
[2022.04.24-09.13.58:834][  0]LogConfig: Setting CVar [[r.SSS.Quality:1]]
[2022.04.24-09.13.58:834][  0]LogConfig: Setting CVar [[r.SSS.HalfRes:0]]
[2022.04.24-09.13.58:834][  0]LogConfig: Setting CVar [[r.SSGI.Quality:3]]
[2022.04.24-09.13.58:834][  0]LogConfig: Setting CVar [[r.EmitterSpawnRateScale:1.0]]
[2022.04.24-09.13.58:834][  0]LogConfig: Setting CVar [[r.ParticleLightQuality:2]]
[2022.04.24-09.13.58:834][  0]LogConfig: Setting CVar [[r.SkyAtmosphere.AerialPerspectiveLUT.FastApplyOnOpaque:1 ; Always have FastSkyLUT 1 in this case to avoid wrong sky]]
[2022.04.24-09.13.58:834][  0]LogConfig: Setting CVar [[r.SkyAtmosphere.AerialPerspectiveLUT.SampleCountMaxPerSlice:4]]
[2022.04.24-09.13.58:834][  0]LogConfig: Setting CVar [[r.SkyAtmosphere.AerialPerspectiveLUT.DepthResolution:16.0]]
[2022.04.24-09.13.58:834][  0]LogConfig: Setting CVar [[r.SkyAtmosphere.FastSkyLUT:1]]
[2022.04.24-09.13.58:834][  0]LogConfig: Setting CVar [[r.SkyAtmosphere.FastSkyLUT.SampleCountMin:4.0]]
[2022.04.24-09.13.58:834][  0]LogConfig: Setting CVar [[r.SkyAtmosphere.FastSkyLUT.SampleCountMax:128.0]]
[2022.04.24-09.13.58:834][  0]LogConfig: Setting CVar [[r.SkyAtmosphere.SampleCountMin:4.0]]
[2022.04.24-09.13.58:834][  0]LogConfig: Setting CVar [[r.SkyAtmosphere.SampleCountMax:128.0]]
[2022.04.24-09.13.58:834][  0]LogConfig: Setting CVar [[r.SkyAtmosphere.TransmittanceLUT.UseSmallFormat:0]]
[2022.04.24-09.13.58:834][  0]LogConfig: Setting CVar [[r.SkyAtmosphere.TransmittanceLUT.SampleCount:10.0]]
[2022.04.24-09.13.58:834][  0]LogConfig: Setting CVar [[r.SkyAtmosphere.MultiScatteringLUT.SampleCount:15.0]]
[2022.04.24-09.13.58:834][  0]LogConfig: Setting CVar [[r.SkyLight.RealTimeReflectionCapture:1]]
[2022.04.24-09.13.58:834][  0]LogConfig: Applying CVar settings from Section [FoliageQuality@3] File [C:/Users/Lenita/Documents/GitHub/The-Spelling-Game/TheSpellingGame/Saved/Config/Windows/Scalability.ini]
[2022.04.24-09.13.58:835][  0]LogConfig: Setting CVar [[foliage.DensityScale:1.0]]
[2022.04.24-09.13.58:835][  0]LogConfig: Setting CVar [[grass.DensityScale:1.0]]
[2022.04.24-09.13.58:835][  0]LogConfig: Applying CVar settings from Section [ShadingQuality@3] File [C:/Users/Lenita/Documents/GitHub/The-Spelling-Game/TheSpellingGame/Saved/Config/Windows/Scalability.ini]
[2022.04.24-09.13.58:835][  0]LogConfig: Setting CVar [[r.HairStrands.SkyLighting.IntegrationType:2]]
[2022.04.24-09.13.58:835][  0]LogConfig: Setting CVar [[r.HairStrands.SkyAO.SampleCount:4]]
[2022.04.24-09.13.58:835][  0]LogConfig: Setting CVar [[r.HairStrands.Visibility.MSAA.SamplePerPixel:4]]
[2022.04.24-09.13.58:835][  0]LogInit: Selected Device Profile: [Windows]
[2022.04.24-09.13.58:835][  0]LogInit: Applying CVar settings loaded from the selected device profile: [Windows]
[2022.04.24-09.13.58:835][  0]LogHAL: Display: Platform has ~ 8 GB [8433561600 / 8589934592 / 8], which maps to Default [LargestMinGB=32, LargerMinGB=12, DefaultMinGB=8, SmallerMinGB=6, SmallestMinGB=0)
[2022.04.24-09.13.58:835][  0]LogInit: Going up to parent DeviceProfile []
[2022.04.24-09.13.58:835][  0]LogConfig: Applying CVar settings from Section [ViewDistanceQuality@3] File [C:/Users/Lenita/Documents/GitHub/The-Spelling-Game/TheSpellingGame/Saved/Config/Windows/Scalability.ini]
[2022.04.24-09.13.58:835][  0]LogConfig: Setting CVar [[r.SkeletalMeshLODBias:0]]
[2022.04.24-09.13.58:835][  0]LogConfig: Setting CVar [[r.ViewDistanceScale:1.0]]
[2022.04.24-09.13.58:835][  0]LogConfig: Applying CVar settings from Section [AntiAliasingQuality@3] File [C:/Users/Lenita/Documents/GitHub/The-Spelling-Game/TheSpellingGame/Saved/Config/Windows/Scalability.ini]
[2022.04.24-09.13.58:835][  0]LogConfig: Setting CVar [[r.PostProcessAAQuality:4]]
[2022.04.24-09.13.58:835][  0]LogConfig: Applying CVar settings from Section [ShadowQuality@3] File [C:/Users/Lenita/Documents/GitHub/The-Spelling-Game/TheSpellingGame/Saved/Config/Windows/Scalability.ini]
[2022.04.24-09.13.58:835][  0]LogConfig: Setting CVar [[r.LightFunctionQuality:1]]
[2022.04.24-09.13.58:835][  0]LogConfig: Setting CVar [[r.ShadowQuality:5]]
[2022.04.24-09.13.58:835][  0]LogConfig: Setting CVar [[r.Shadow.CSM.MaxCascades:10]]
[2022.04.24-09.13.58:835][  0]LogConfig: Setting CVar [[r.Shadow.MaxResolution:2048]]
[2022.04.24-09.13.58:835][  0]LogConfig: Setting CVar [[r.Shadow.MaxCSMResolution:2048]]
[2022.04.24-09.13.58:835][  0]LogConfig: Setting CVar [[r.Shadow.RadiusThreshold:0.01]]
[2022.04.24-09.13.58:835][  0]LogConfig: Setting CVar [[r.Shadow.DistanceScale:1.0]]
[2022.04.24-09.13.58:835][  0]LogConfig: Setting CVar [[r.Shadow.CSM.TransitionScale:1.0]]
[2022.04.24-09.13.58:835][  0]LogConfig: Setting CVar [[r.Shadow.PreShadowResolutionFactor:1.0]]
[2022.04.24-09.13.58:835][  0]LogConfig: Setting CVar [[r.DistanceFieldShadowing:1]]
[2022.04.24-09.13.58:835][  0]LogConfig: Setting CVar [[r.DistanceFieldAO:1]]
[2022.04.24-09.13.58:835][  0]LogConfig: Setting CVar [[r.AOQuality:2]]
[2022.04.24-09.13.58:835][  0]LogConfig: Setting CVar [[r.VolumetricFog:1]]
[2022.04.24-09.13.58:835][  0]LogConfig: Setting CVar [[r.VolumetricFog.GridPixelSize:8]]
[2022.04.24-09.13.58:835][  0]LogConfig: Setting CVar [[r.VolumetricFog.GridSizeZ:128]]
[2022.04.24-09.13.58:835][  0]LogConfig: Setting CVar [[r.VolumetricFog.HistoryMissSupersampleCount:4]]
[2022.04.24-09.13.58:835][  0]LogConfig: Setting CVar [[r.LightMaxDrawDistanceScale:1]]
[2022.04.24-09.13.58:835][  0]LogConfig: Setting CVar [[r.CapsuleShadows:1]]
[2022.04.24-09.13.58:835][  0]LogConfig: Applying CVar settings from Section [PostProcessQuality@3] File [C:/Users/Lenita/Documents/GitHub/The-Spelling-Game/TheSpellingGame/Saved/Config/Windows/Scalability.ini]
[2022.04.24-09.13.58:835][  0]LogConfig: Setting CVar [[r.MotionBlurQuality:4]]
[2022.04.24-09.13.58:835][  0]LogConfig: Setting CVar [[r.AmbientOcclusionMipLevelFactor:0.4]]
[2022.04.24-09.13.58:835][  0]LogConfig: Setting CVar [[r.AmbientOcclusionMaxQuality:100]]
[2022.04.24-09.13.58:835][  0]LogConfig: Setting CVar [[r.AmbientOcclusionLevels:-1]]
[2022.04.24-09.13.58:835][  0]LogConfig: Setting CVar [[r.AmbientOcclusionRadiusScale:1.0]]
[2022.04.24-09.13.58:835][  0]LogConfig: Setting CVar [[r.DepthOfFieldQuality:2]]
[2022.04.24-09.13.58:835][  0]LogConfig: Setting CVar [[r.RenderTargetPoolMin:400]]
[2022.04.24-09.13.58:835][  0]LogConfig: Setting CVar [[r.LensFlareQuality:2]]
[2022.04.24-09.13.58:836][  0]LogConfig: Setting CVar [[r.SceneColorFringeQuality:1]]
[2022.04.24-09.13.58:836][  0]LogConfig: Setting CVar [[r.EyeAdaptationQuality:2]]
[2022.04.24-09.13.58:836][  0]LogConfig: Setting CVar [[r.BloomQuality:5]]
[2022.04.24-09.13.58:836][  0]LogConfig: Setting CVar [[r.FastBlurThreshold:100]]
[2022.04.24-09.13.58:836][  0]LogConfig: Setting CVar [[r.Upscale.Quality:3]]
[2022.04.24-09.13.58:836][  0]LogConfig: Setting CVar [[r.Tonemapper.GrainQuantization:1]]
[2022.04.24-09.13.58:836][  0]LogConfig: Setting CVar [[r.LightShaftQuality:1]]
[2022.04.24-09.13.58:836][  0]LogConfig: Setting CVar [[r.Filter.SizeScale:1]]
[2022.04.24-09.13.58:836][  0]LogConfig: Setting CVar [[r.Tonemapper.Quality:5]]
[2022.04.24-09.13.58:836][  0]LogConfig: Setting CVar [[r.DOF.Gather.AccumulatorQuality:1        ; higher gathering accumulator quality]]
[2022.04.24-09.13.58:836][  0]LogConfig: Setting CVar [[r.DOF.Gather.PostfilterMethod:1          ; Median3x3 postfilering method]]
[2022.04.24-09.13.58:836][  0]LogConfig: Setting CVar [[r.DOF.Gather.EnableBokehSettings:0       ; no bokeh simulation when gathering]]
[2022.04.24-09.13.58:836][  0]LogConfig: Setting CVar [[r.DOF.Gather.RingCount:4                 ; medium number of samples when gathering]]
[2022.04.24-09.13.58:836][  0]LogConfig: Setting CVar [[r.DOF.Scatter.ForegroundCompositing:1    ; additive foreground scattering]]
[2022.04.24-09.13.58:836][  0]LogConfig: Setting CVar [[r.DOF.Scatter.BackgroundCompositing:2    ; additive background scattering]]
[2022.04.24-09.13.58:836][  0]LogConfig: Setting CVar [[r.DOF.Scatter.EnableBokehSettings:1      ; bokeh simulation when scattering]]
[2022.04.24-09.13.58:836][  0]LogConfig: Setting CVar [[r.DOF.Scatter.MaxSpriteRatio:0.1         ; only a maximum of 10% of scattered bokeh]]
[2022.04.24-09.13.58:836][  0]LogConfig: Setting CVar [[r.DOF.Recombine.Quality:1                ; cheap slight out of focus]]
[2022.04.24-09.13.58:836][  0]LogConfig: Setting CVar [[r.DOF.Recombine.EnableBokehSettings:0    ; no bokeh simulation on slight out of focus]]
[2022.04.24-09.13.58:836][  0]LogConfig: Setting CVar [[r.DOF.TemporalAAQuality:1                ; more stable temporal accumulation]]
[2022.04.24-09.13.58:836][  0]LogConfig: Setting CVar [[r.DOF.Kernel.MaxForegroundRadius:0.025]]
[2022.04.24-09.13.58:836][  0]LogConfig: Setting CVar [[r.DOF.Kernel.MaxBackgroundRadius:0.025]]
[2022.04.24-09.13.58:836][  0]LogConfig: Applying CVar settings from Section [TextureQuality@3] File [C:/Users/Lenita/Documents/GitHub/The-Spelling-Game/TheSpellingGame/Saved/Config/Windows/Scalability.ini]
[2022.04.24-09.13.58:836][  0]LogConfig: Setting CVar [[r.Streaming.MipBias:0]]
[2022.04.24-09.13.58:836][  0]LogConfig: Setting CVar [[r.Streaming.AmortizeCPUToGPUCopy:0]]
[2022.04.24-09.13.58:836][  0]LogConfig: Setting CVar [[r.Streaming.MaxNumTexturesToStreamPerFrame:0]]
[2022.04.24-09.13.58:836][  0]LogConfig: Setting CVar [[r.Streaming.Boost:1]]
[2022.04.24-09.13.58:836][  0]LogConfig: Setting CVar [[r.MaxAnisotropy:8]]
[2022.04.24-09.13.58:836][  0]LogConfig: Setting CVar [[r.VT.MaxAnisotropy:8]]
[2022.04.24-09.13.58:836][  0]LogConfig: Setting CVar [[r.Streaming.LimitPoolSizeToVRAM:0]]
[2022.04.24-09.13.58:836][  0]LogConfig: Setting CVar [[r.Streaming.PoolSize:1000]]
[2022.04.24-09.13.58:836][  0]LogConfig: Setting CVar [[r.Streaming.MaxEffectiveScreenSize:0]]
[2022.04.24-09.13.58:836][  0]LogConfig: Applying CVar settings from Section [EffectsQuality@3] File [C:/Users/Lenita/Documents/GitHub/The-Spelling-Game/TheSpellingGame/Saved/Config/Windows/Scalability.ini]
[2022.04.24-09.13.58:836][  0]LogConfig: Setting CVar [[r.TranslucencyLightingVolumeDim:64]]
[2022.04.24-09.13.58:836][  0]LogConfig: Setting CVar [[r.RefractionQuality:2]]
[2022.04.24-09.13.58:836][  0]LogConfig: Setting CVar [[r.SSR.Quality:3]]
[2022.04.24-09.13.58:836][  0]LogConfig: Setting CVar [[r.SSR.HalfResSceneColor:0]]
[2022.04.24-09.13.58:836][  0]LogConfig: Setting CVar [[r.SceneColorFormat:4]]
[2022.04.24-09.13.58:836][  0]LogConfig: Setting CVar [[r.DetailMode:2]]
[2022.04.24-09.13.58:836][  0]LogConfig: Setting CVar [[r.TranslucencyVolumeBlur:1]]
[2022.04.24-09.13.58:836][  0]LogConfig: Setting CVar [[r.MaterialQualityLevel:1 ; High quality]]
[2022.04.24-09.13.58:836][  0]LogConfig: Setting CVar [[r.AnisotropicMaterials:1]]
[2022.04.24-09.13.58:836][  0]LogConfig: Setting CVar [[r.SSS.Scale:1]]
[2022.04.24-09.13.58:836][  0]LogConfig: Setting CVar [[r.SSS.SampleSet:2]]
[2022.04.24-09.13.58:836][  0]LogConfig: Setting CVar [[r.SSS.Quality:1]]
[2022.04.24-09.13.58:836][  0]LogConfig: Setting CVar [[r.SSS.HalfRes:0]]
[2022.04.24-09.13.58:836][  0]LogConfig: Setting CVar [[r.SSGI.Quality:3]]
[2022.04.24-09.13.58:836][  0]LogConfig: Setting CVar [[r.EmitterSpawnRateScale:1.0]]
[2022.04.24-09.13.58:836][  0]LogConfig: Setting CVar [[r.ParticleLightQuality:2]]
[2022.04.24-09.13.58:836][  0]LogConfig: Setting CVar [[r.SkyAtmosphere.AerialPerspectiveLUT.FastApplyOnOpaque:1 ; Always have FastSkyLUT 1 in this case to avoid wrong sky]]
[2022.04.24-09.13.58:836][  0]LogConfig: Setting CVar [[r.SkyAtmosphere.AerialPerspectiveLUT.SampleCountMaxPerSlice:4]]
[2022.04.24-09.13.58:836][  0]LogConfig: Setting CVar [[r.SkyAtmosphere.AerialPerspectiveLUT.DepthResolution:16.0]]
[2022.04.24-09.13.58:836][  0]LogConfig: Setting CVar [[r.SkyAtmosphere.FastSkyLUT:1]]
[2022.04.24-09.13.58:836][  0]LogConfig: Setting CVar [[r.SkyAtmosphere.FastSkyLUT.SampleCountMin:4.0]]
[2022.04.24-09.13.58:836][  0]LogConfig: Setting CVar [[r.SkyAtmosphere.FastSkyLUT.SampleCountMax:128.0]]
[2022.04.24-09.13.58:836][  0]LogConfig: Setting CVar [[r.SkyAtmosphere.SampleCountMin:4.0]]
[2022.04.24-09.13.58:836][  0]LogConfig: Setting CVar [[r.SkyAtmosphere.SampleCountMax:128.0]]
[2022.04.24-09.13.58:837][  0]LogConfig: Setting CVar [[r.SkyAtmosphere.TransmittanceLUT.UseSmallFormat:0]]
[2022.04.24-09.13.58:837][  0]LogConfig: Setting CVar [[r.SkyAtmosphere.TransmittanceLUT.SampleCount:10.0]]
[2022.04.24-09.13.58:837][  0]LogConfig: Setting CVar [[r.SkyAtmosphere.MultiScatteringLUT.SampleCount:15.0]]
[2022.04.24-09.13.58:837][  0]LogConfig: Setting CVar [[r.SkyLight.RealTimeReflectionCapture:1]]
[2022.04.24-09.13.58:837][  0]LogConfig: Applying CVar settings from Section [FoliageQuality@3] File [C:/Users/Lenita/Documents/GitHub/The-Spelling-Game/TheSpellingGame/Saved/Config/Windows/Scalability.ini]
[2022.04.24-09.13.58:837][  0]LogConfig: Setting CVar [[foliage.DensityScale:1.0]]
[2022.04.24-09.13.58:837][  0]LogConfig: Setting CVar [[grass.DensityScale:1.0]]
[2022.04.24-09.13.58:837][  0]LogConfig: Applying CVar settings from Section [ShadingQuality@3] File [C:/Users/Lenita/Documents/GitHub/The-Spelling-Game/TheSpellingGame/Saved/Config/Windows/Scalability.ini]
[2022.04.24-09.13.58:837][  0]LogConfig: Setting CVar [[r.HairStrands.SkyLighting.IntegrationType:2]]
[2022.04.24-09.13.58:837][  0]LogConfig: Setting CVar [[r.HairStrands.SkyAO.SampleCount:4]]
[2022.04.24-09.13.58:837][  0]LogConfig: Setting CVar [[r.HairStrands.Visibility.MSAA.SamplePerPixel:4]]
[2022.04.24-09.13.58:837][  0]LogConfig: Applying CVar settings from Section [Startup] File [../../../Engine/Config/ConsoleVariables.ini]
[2022.04.24-09.13.58:838][  0]LogConfig: Setting CVar [[net.UseAdaptiveNetUpdateFrequency:0]]
[2022.04.24-09.13.58:838][  0]LogConfig: Setting CVar [[p.chaos.AllowCreatePhysxBodies:1]]
[2022.04.24-09.13.58:838][  0]LogConfig: Setting CVar [[fx.SkipVectorVMBackendOptimizations:1]]
[2022.04.24-09.13.58:838][  0]LogConfig: Applying CVar settings from Section [ConsoleVariables] File [C:/Users/Lenita/Documents/GitHub/The-Spelling-Game/TheSpellingGame/Saved/Config/Windows/Engine.ini]
[2022.04.24-09.13.58:838][  0]LogConfig: Applying CVar settings from Section [ConsoleVariables] File [C:/Users/Lenita/Documents/GitHub/The-Spelling-Game/TheSpellingGame/Saved/Config/Windows/Editor.ini]
[2022.04.24-09.13.58:838][  0]LogInit: Computer: LENOVO-YOGA370
[2022.04.24-09.13.58:838][  0]LogInit: User: Lenita
[2022.04.24-09.13.58:838][  0]LogInit: CPU Page size=4096, Cores=2
[2022.04.24-09.13.58:838][  0]LogInit: High frequency timer resolution =10.000000 MHz
[2022.04.24-09.13.58:838][  0]LogMemory: Memory total: Physical=7.9GB (8GB approx)
[2022.04.24-09.13.58:838][  0]LogMemory: Platform Memory Stats for Windows
[2022.04.24-09.13.58:838][  0]LogMemory: Process Physical Memory: 143.32 MB used, 143.32 MB peak
[2022.04.24-09.13.58:838][  0]LogMemory: Process Virtual Memory: 121.21 MB used, 121.21 MB peak
[2022.04.24-09.13.58:838][  0]LogMemory: Physical Memory: 5359.58 MB used,  2683.29 MB free, 8042.87 MB total
[2022.04.24-09.13.58:838][  0]LogMemory: Virtual Memory: 134213776.00 MB used,  3953.16 MB free, 134217728.00 MB total
[2022.04.24-09.13.58:849][  0]LogWindows: WindowsPlatformFeatures enabled
[2022.04.24-09.13.58:885][  0]LogInit: Physics initialised using underlying interface: PhysX
[2022.04.24-09.13.58:886][  0]LogInit: Using OS detected language (en-US).
[2022.04.24-09.13.58:886][  0]LogInit: Using OS detected locale (en-GB).
[2022.04.24-09.13.58:894][  0]LogTextLocalizationManager: No specific localization for 'en-US' exists, so the 'en' localization will be used.
[2022.04.24-09.13.59:177][  0]LogInit: Setting process to per monitor DPI aware
[2022.04.24-09.13.59:199][  0]LogWindowsTextInputMethodSystem: Display: IME system deactivated.
[2022.04.24-09.13.59:219][  0]LogSlate: New Slate User Created.  User Index 0, Is Virtual User: 0
[2022.04.24-09.13.59:219][  0]LogSlate: Slate User Registered.  User Index 0, Is Virtual User: 0
[2022.04.24-09.13.59:503][  0]LogD3D11RHI: Loaded GFSDK_Aftermath_Lib.x64.dll
[2022.04.24-09.13.59:508][  0]LogHMD: Failed to initialize OpenVR with code 110
[2022.04.24-09.13.59:508][  0]LogD3D11RHI: D3D11 min allowed feature level: 11_0
[2022.04.24-09.13.59:508][  0]LogD3D11RHI: D3D11 max allowed feature level: 11_0
[2022.04.24-09.13.59:508][  0]LogD3D11RHI: D3D11 adapters:
[2022.04.24-09.13.59:613][  0]LogD3D11RHI:    0. 'Intel(R) HD Graphics 620' (Feature Level 11_0)
[2022.04.24-09.13.59:613][  0]LogD3D11RHI:       128/0/4021 MB DedicatedVideo/DedicatedSystem/SharedSystem, Outputs:1, VendorId:0x8086
[2022.04.24-09.13.59:617][  0]LogD3D11RHI:    1. 'Microsoft Basic Render Driver' (Feature Level 11_0)
[2022.04.24-09.13.59:617][  0]LogD3D11RHI:       0/0/4021 MB DedicatedVideo/DedicatedSystem/SharedSystem, Outputs:0, VendorId:0x1414
[2022.04.24-09.13.59:617][  0]LogD3D11RHI: Chosen D3D11 Adapter:
[2022.04.24-09.13.59:617][  0]LogD3D11RHI:     Description : Intel(R) HD Graphics 620
[2022.04.24-09.13.59:617][  0]LogD3D11RHI:     VendorId    : 8086
[2022.04.24-09.13.59:617][  0]LogD3D11RHI:     DeviceId    : 5916
[2022.04.24-09.13.59:617][  0]LogD3D11RHI:     SubSysId    : 506117aa
[2022.04.24-09.13.59:617][  0]LogD3D11RHI:     Revision    : 0002
[2022.04.24-09.13.59:617][  0]LogD3D11RHI:     DedicatedVideoMemory : 134217728 bytes
[2022.04.24-09.13.59:617][  0]LogD3D11RHI:     DedicatedSystemMemory : 0 bytes
[2022.04.24-09.13.59:617][  0]LogD3D11RHI:     SharedSystemMemory : 4216780800 bytes
[2022.04.24-09.13.59:617][  0]LogD3D11RHI:     AdapterLuid : 0 51373
[2022.04.24-09.13.59:624][  0]LogD3D11RHI: Creating new Direct3DDevice
[2022.04.24-09.13.59:624][  0]LogD3D11RHI:     GPU DeviceId: 0x5916 (for the marketing name, search the web for "GPU Device Id")
[2022.04.24-09.13.59:624][  0]LogWindows: EnumDisplayDevices:
[2022.04.24-09.13.59:625][  0]LogWindows:    0. 'Intel(R) HD Graphics 620' (P:1 D:1)
[2022.04.24-09.13.59:626][  0]LogWindows:    1. 'Intel(R) HD Graphics 620' (P:0 D:0)
[2022.04.24-09.13.59:627][  0]LogWindows:    2. 'Intel(R) HD Graphics 620' (P:0 D:0)
[2022.04.24-09.13.59:627][  0]LogWindows: DebugString: FoundDriverCount:3 
[2022.04.24-09.13.59:628][  0]LogD3D11RHI:     Adapter Name: Intel(R) HD Graphics 620
[2022.04.24-09.13.59:628][  0]LogD3D11RHI:   Driver Version: 27.20.100.9171 (internal:27.20.100.9171, unified:27.20.100.9171)
[2022.04.24-09.13.59:628][  0]LogD3D11RHI:      Driver Date: 1-8-2021
[2022.04.24-09.13.59:628][  0]LogRHI: Texture pool is 1497 MB (70% of 2138 MB)
[2022.04.24-09.13.59:645][  0]LogD3D11RHI: Creating D3DDevice using adapter:
[2022.04.24-09.13.59:645][  0]LogD3D11RHI:     Description : Intel(R) HD Graphics 620
[2022.04.24-09.13.59:645][  0]LogD3D11RHI:     VendorId    : 8086
[2022.04.24-09.13.59:645][  0]LogD3D11RHI:     DeviceId    : 5916
[2022.04.24-09.13.59:645][  0]LogD3D11RHI:     SubSysId    : 506117aa
[2022.04.24-09.13.59:645][  0]LogD3D11RHI:     Revision    : 0002
[2022.04.24-09.13.59:645][  0]LogD3D11RHI:     DedicatedVideoMemory : 134217728 bytes
[2022.04.24-09.13.59:645][  0]LogD3D11RHI:     DedicatedSystemMemory : 0 bytes
[2022.04.24-09.13.59:646][  0]LogD3D11RHI:     SharedSystemMemory : 4216780800 bytes
[2022.04.24-09.13.59:646][  0]LogD3D11RHI:     AdapterLuid : 0 51373
[2022.04.24-09.13.59:712][  0]LogD3D11RHI: RHI does not have support for 64 bit atomics
[2022.04.24-09.13.59:774][  0]LogD3D11RHI: Intel Extensions support version Full=16777216, Major=1, Minor=0, Revision=0
[2022.04.24-09.13.59:774][  0]LogD3D11RHI: Intel Extensions support version Full=16777217, Major=1, Minor=0, Revision=1
[2022.04.24-09.13.59:774][  0]LogD3D11RHI: Intel Extensions Framework enabled
[2022.04.24-09.13.59:775][  0]LogD3D11RHI: [IntelMetricsDiscovery] Started
[2022.04.24-09.13.59:775][  0]LogD3D11RHI: Async texture creation enabled
[2022.04.24-09.13.59:776][  0]LogD3D11RHI: Array index from any shader is supported
[2022.04.24-09.13.59:787][  0]LogD3D11RHI: GPU Timing Frequency: 12.000048 (Debug: 2 0)
[2022.04.24-09.14.00:455][  0]LogTargetPlatformManager: Display: Loaded TargetPlatform 'AllDesktop'
[2022.04.24-09.14.00:490][  0]LogTargetPlatformManager: Display: Loaded TargetPlatform 'Android'
[2022.04.24-09.14.00:490][  0]LogTargetPlatformManager: Display: Loaded TargetPlatform 'Android_ASTC'
[2022.04.24-09.14.00:490][  0]LogTargetPlatformManager: Display: Loaded TargetPlatform 'Android_DXT'
[2022.04.24-09.14.00:490][  0]LogTargetPlatformManager: Display: Loaded TargetPlatform 'Android_ETC2'
[2022.04.24-09.14.00:490][  0]LogTargetPlatformManager: Display: Loaded TargetPlatform 'AndroidClient'
[2022.04.24-09.14.00:490][  0]LogTargetPlatformManager: Display: Loaded TargetPlatform 'Android_ASTCClient'
[2022.04.24-09.14.00:490][  0]LogTargetPlatformManager: Display: Loaded TargetPlatform 'Android_DXTClient'
[2022.04.24-09.14.00:490][  0]LogTargetPlatformManager: Display: Loaded TargetPlatform 'Android_ETC2Client'
[2022.04.24-09.14.00:490][  0]LogTargetPlatformManager: Display: Loaded TargetPlatform 'Android_Multi'
[2022.04.24-09.14.00:491][  0]LogTargetPlatformManager: Display: Loaded TargetPlatform 'Android_MultiClient'
[2022.04.24-09.14.00:530][  0]LogTargetPlatformManager: Display: Loaded TargetPlatform 'IOSClient'
[2022.04.24-09.14.00:530][  0]LogTargetPlatformManager: Display: Loaded TargetPlatform 'IOS'
[2022.04.24-09.14.00:566][  0]LogTargetPlatformManager: Display: Loaded TargetPlatform 'Linux'
[2022.04.24-09.14.00:583][  0]LogTargetPlatformManager: Display: Loaded TargetPlatform 'LinuxNoEditor'
[2022.04.24-09.14.00:605][  0]LogTargetPlatformManager: Display: Loaded TargetPlatform 'LinuxClient'
[2022.04.24-09.14.00:623][  0]LogTargetPlatformManager: Display: Loaded TargetPlatform 'LinuxServer'
[2022.04.24-09.14.00:662][  0]LogTargetPlatformManager: Display: Loaded TargetPlatform 'LinuxAArch64NoEditor'
[2022.04.24-09.14.00:685][  0]LogTargetPlatformManager: Display: Loaded TargetPlatform 'LinuxAArch64Client'
[2022.04.24-09.14.00:701][  0]LogTargetPlatformManager: Display: Loaded TargetPlatform 'LinuxAArch64Server'
[2022.04.24-09.14.00:814][  0]LogTargetPlatformManager: Display: Loaded TargetPlatform 'Lumin'
[2022.04.24-09.14.00:814][  0]LogTargetPlatformManager: Display: Loaded TargetPlatform 'LuminClient'
[2022.04.24-09.14.00:851][  0]LogTargetPlatformManager: Display: Loaded TargetPlatform 'MacNoEditor'
[2022.04.24-09.14.00:868][  0]LogTargetPlatformManager: Display: Loaded TargetPlatform 'Mac'
[2022.04.24-09.14.00:886][  0]LogTargetPlatformManager: Display: Loaded TargetPlatform 'MacClient'
[2022.04.24-09.14.00:903][  0]LogTargetPlatformManager: Display: Loaded TargetPlatform 'MacServer'
[2022.04.24-09.14.00:946][  0]LogTargetPlatformManager: Display: Loaded TargetPlatform 'TVOSClient'
[2022.04.24-09.14.00:946][  0]LogTargetPlatformManager: Display: Loaded TargetPlatform 'TVOS'
[2022.04.24-09.14.00:969][  0]LogTargetPlatformManager: Display: Loaded TargetPlatform 'WindowsNoEditor'
[2022.04.24-09.14.00:977][  0]LogTargetPlatformManager: Display: Loaded TargetPlatform 'Windows'
[2022.04.24-09.14.00:984][  0]LogTargetPlatformManager: Display: Loaded TargetPlatform 'WindowsClient'
[2022.04.24-09.14.00:992][  0]LogTargetPlatformManager: Display: Loaded TargetPlatform 'WindowsServer'
[2022.04.24-09.14.00:992][  0]LogTargetPlatformManager: Display: Building Assets For Windows
[2022.04.24-09.14.01:003][  0]LogAudioDebug: Display: Lib vorbis DLL was dynamically loaded.
[2022.04.24-09.14.01:069][  0]LogTextureFormatOodle: Display: Oodle Texture 2.9.0 init RDO Off
[2022.04.24-09.14.01:120][  0]LogRendererCore: Ray tracing is disabled. Reason: r.RayTracing=0.
[2022.04.24-09.14.01:121][  0]LogShaderCompilers: Guid format shader working directory is -34 characters bigger than the processId version (../../../../../../Users/Lenita/Documents/GitHub/The-Spelling-Game/TheSpellingGame/Intermediate/Shaders/WorkingDirectory/6536/).
[2022.04.24-09.14.01:121][  0]LogShaderCompilers: Cleaned the shader compiler working directory 'C:/Users/Lenita/AppData/Local/Temp/UnrealShaderWorkingDir/4DB98A67461CF795EE98998160451193/'.
[2022.04.24-09.14.01:121][  0]LogXGEController: Cannot use XGE Controller as Incredibuild is not installed on this machine.
[2022.04.24-09.14.01:121][  0]LogShaderCompilers: Cannot use XGE Shader Compiler as Incredibuild is not installed on this machine.
[2022.04.24-09.14.01:121][  0]LogShaderCompilers: Display: Using Local Shader Compiler.
[2022.04.24-09.14.02:404][  0]LogDerivedDataCache: Display: Max Cache Size: 512 MB
[2022.04.24-09.14.02:514][  0]LogDerivedDataCache: Loaded boot cache 0.11s 94MB C:/Users/Lenita/AppData/Local/UnrealEngine/4.27/DerivedDataCache/Boot.ddc.
[2022.04.24-09.14.02:514][  0]LogDerivedDataCache: Display: Loaded Boot cache: C:/Users/Lenita/AppData/Local/UnrealEngine/4.27/DerivedDataCache/Boot.ddc
[2022.04.24-09.14.02:514][  0]LogDerivedDataCache: FDerivedDataBackendGraph:  Pak pak cache file ../../../../../../Users/Lenita/Documents/GitHub/The-Spelling-Game/TheSpellingGame/DerivedDataCache/DDC.ddp not found, will not use a pak cache.
[2022.04.24-09.14.02:514][  0]LogDerivedDataCache: Unable to find inner node Pak for hierarchical cache Hierarchy.
[2022.04.24-09.14.02:514][  0]LogDerivedDataCache: FDerivedDataBackendGraph:  CompressedPak pak cache file ../../../../../../Users/Lenita/Documents/GitHub/The-Spelling-Game/TheSpellingGame/DerivedDataCache/Compressed.ddp not found, will not use a pak cache.
[2022.04.24-09.14.02:514][  0]LogDerivedDataCache: Unable to find inner node CompressedPak for hierarchical cache Hierarchy.
[2022.04.24-09.14.02:539][  0]LogDerivedDataCache: Display: Pak cache opened for reading ../../../Engine/DerivedDataCache/Compressed.ddp.
[2022.04.24-09.14.02:539][  0]LogDerivedDataCache: FDerivedDataBackendGraph:  EnterprisePak pak cache file ../../../Enterprise/DerivedDataCache/Compressed.ddp not found, will not use a pak cache.
[2022.04.24-09.14.02:539][  0]LogDerivedDataCache: Unable to find inner node EnterprisePak for hierarchical cache Hierarchy.
[2022.04.24-09.14.02:557][  0]LogDerivedDataCache: Speed tests for C:/Users/Lenita/AppData/Local/UnrealEngine/Common/DerivedDataCache took 0.02 seconds
[2022.04.24-09.14.02:557][  0]LogDerivedDataCache: Display: Performance to C:/Users/Lenita/AppData/Local/UnrealEngine/Common/DerivedDataCache: Latency=0.04ms. RandomReadSpeed=178.62MBs, RandomWriteSpeed=78.51MBs. Assigned SpeedClass 'Local'
[2022.04.24-09.14.02:558][  0]LogDerivedDataCache: Using Local data cache path C:/Users/Lenita/AppData/Local/UnrealEngine/Common/DerivedDataCache: Writable
[2022.04.24-09.14.02:558][  0]LogDerivedDataCache: Shared data cache path not found in *engine.ini, will not use an Shared cache.
[2022.04.24-09.14.02:558][  0]LogDerivedDataCache: Unable to find inner node Shared for hierarchical cache Hierarchy.
[2022.04.24-09.14.02:625][  0]LogSlate: Using FreeType 2.10.0
[2022.04.24-09.14.02:625][  0]LogSlate: SlateFontServices - WITH_FREETYPE: 1, WITH_HARFBUZZ: 1
[2022.04.24-09.14.02:668][  0]LogAssetRegistry: FAssetRegistry took 0.0043 seconds to start up
[2022.04.24-09.14.03:139][  0]LogInit: Selected Device Profile: [Windows]
[2022.04.24-09.14.03:139][  0]LogInit: Active device profile: [000001BA73D7BF00][000001BA7305ED40 49] Windows
[2022.04.24-09.14.03:139][  0]LogInit: Profiles: [000001BA73D7BF00][000001BA7305ED40 49] Windows, [000001BA73D3BF00][000001BA73062E80 49] WindowsNoEditor, [000001BA73D78200][000001BA73066FC0 49] WindowsServer, [000001BA73D39F00][000001BA7306F140 49] WindowsClient, [000001BA73D7A000][000001BA730732C0 49] IOS, [000001BA73D3B700][000001BA73077440 49] iPadAir, [000001BA73D78800][000001BA7307B5C0 49] iPadAir2, [000001BA73CD8900][000001BA73083880 49] IPadPro, [000001BA73CD8A00][000001BA7307F8C0 49] iPadAir3, [000001BA73D78600][000001BA73087A40 49] iPadAir4, [000001BA73CD8700][000001BA7308BBC0 49] iPadMini2, [000001BA73D78B00][000001BA7308E1C0 49] iPadMini3, [000001BA73CD9600][000001BA73092340 49] iPadMini4, [000001BA73D7AB00][000001BA730964C0 49] iPadMini5, [000001BA73D3A000][000001BA7309E780 49] iPhone6, [000001BA73CC7F00][000001BA7309A7C0 49] iPodTouch6, [000001BA73D3BC00][000001BA730A6A80 49] iPhone7, [000001BA73D38500][000001BA730A2AC0 49] iPodTouch7, [000001BA73CC4700][000001BA730AAC40 49] iPhone5S, [000001BA73D38C00][000001BA7306AD80 49] iPhone6Plus, [000001BA73CC7400][000001BA730AEEC0 49] iPhone6S, [000001BA73D3AF00][000001BA730B3000 49] iPhone6SPlus, [000001BA73CC4F00][000001BA730B7140 49] iPhone7Plus, [000001BA73D39B00][000001BA730BF2C0 49] iPhoneSE, [000001BA73CC6C00][000001BA730C3440 49] iPhone8, [000001BA73D3A800][000001BA730C75C0 49] iPhone8Plus, [000001BA73CC5600][000001BA730CB740 49] iPhoneX, [000001BA73D38800][000001BA730CF8C0 49] iPhoneXS, [000001BA73CC6500][000001BA730D3A40 49] iPhoneXSMax, [000001BA73D3B900][000001BA730D7BC0 49] iPhoneXR, [000001BA73CC5D00][000001BA730DA1C0 49] iPhone11, [000001BA73D3A200][000001BA730DE340 49] iPhone11Pro, [000001BA73CC7500][000001BA730E24C0 49] iPhone11ProMax, [000001BA73D39400][000001BA730E6640 49] iPhoneSE2, [000001BA73CC4C00][000001BA730EA7C0 49] iPhone12Mini, [000001BA73D3B100][000001BA74210940 49] iPhone12, [000001BA73CC6F00][000001BA74214AC0 49] iPhone12Pro, [000001BA73D39C00][000001BA74218C40 49] iPhone12ProMax, [000001BA73CC6900][000001BA7421CDC0 49] iPadPro105, [000001BA73D3AD00][000001BA74220F40 49] iPadPro129, [000001BA73CC5700][000001BA730BB080 49] iPadPro97, [000001BA73D39600][000001BA742251C0 49] iPadPro2_129, [000001BA73CC4D00][000001BA74229300 49] iPad5, [000001BA73D39500][000001BA74231480 49] iPad6, [000001BA73CC6B00][000001BA74235600 49] iPad7, [000001BA73D38A00][000001BA74239780 49] iPad8, [000001BA73CC4600][000001BA7423D900 49] iPadPro11, [000001BA73D3B000][000001BA74241A80 49] iPadPro2_11, [000001BA73CC4E00][000001BA74245C00 49] iPadPro3_129, [000001BA73D38E00][000001BA74248200 49] iPadPro4_129, [000001BA73CC5800][000001BA7424C380 49] AppleTV, [000001BA73D39900][000001BA74250500 49] AppleTV4K, [000001BA73CC7E00][000001BA74254680 49] TVOS, [000001BA73D39D00][000001BA74258800 49] Mac, [000001BA73CC6D00][000001BA7425C980 49] MacClient, [000001BA73D3A900][000001BA74260B00 49] MacNoEditor, [000001BA73CC5300][000001BA74264C80 49] MacServer, [000001BA73D3A100][000001BA74268E00 49] Linux, [000001BA73CC7A00][000001BA7426CF80 49] LinuxAArch64, [000001BA73D3BA00][000001BA74271100 49] LinuxNoEditor, [000001BA73CC7C00][000001BA7422D240 49] LinuxAArch64NoEditor, [000001BA73D3AB00][000001BA74275380 49] LinuxClient, [000001BA73CC7B00][000001BA742794C0 49] LinuxAArch64Client, [000001BA73D3BE00][000001BA74281640 49] LinuxServer, [000001BA73CC7600][000001BA742857C0 49] LinuxAArch64Server, [000001BA73D39200][000001BA74289940 49] Android, [000001BA73CC6600][000001BA7428DAC0 49] Android_Low, [000001BA73D3AC00][000001BA742900C0 49] Android_Mid, [000001BA73CC7D00][000001BA74294240 49] Android_High, [000001BA73D38400][000001BA742983C0 49] Android_Default, [000001BA73DB2D00][000001BA7429C540 49] Android_Adreno4xx, [000001BA73D79E00][000001BA742A06C0 49] Android_Adreno5xx_Low, [000001BA73DB1200][000001BA742A4840 49] Android_Adreno5xx, [000001BA73D7B500][000001BA742A89C0 49] Android_Adreno6xx, [000001BA73DB0F00][000001BA742ACB40 49] Android_Adreno6xx_Vulkan, [000001BA73D79100][000001BA742B0CC0 49] Android_Mali_T6xx, [000001BA73DB2800][000001BA742B4E40 49] Android_Mali_T7xx, [000001BA73D7A300][000001BA742B8FC0 49] Android_Mali_T8xx, [000001BA73DB0E00][000001BA742BD140 49] Android_Mali_G71, [000001BA73D7B600][000001BA742C12C0 49] Android_Mali_G72, [000001BA73DB1F00][000001BA7427D400 49] Android_Mali_G72_Vulkan, [000001BA73D7AC00][000001BA742C5540 49] Android_Mali_G76, [000001BA73DB1C00][000001BA742C9680 49] Android_Mali_G76_Vulkan, [000001BA73D79F00][000001BA742CD7C0 49] Android_Mali_G77, [000001BA73DB0800][000001BA742D5940 49] Android_Mali_G77_Vulkan, [000001BA73D79000][000001BA742D9AC0 49] Android_Mali_G78, [000001BA73D3AE00][000001BA742DC0C0 49] Android_Mali_G78_Vulkan, [000001BA73D7B800][000001BA742E0240 49] Android_Mali_G710, [000001BA73DB3000][000001BA742E43C0 49] Android_Mali_G710_Vulkan, [000001BA73D7B100][000001BA742E8540 49] Android_Vulkan_SM5, [000001BA73DB2300][000001BA742EC6C0 49] Android_PowerVR_G6xxx, [000001BA73CC5E00][000001BA742F0840 49] Android_PowerVR_GT7xxx, [000001BA73DB2100][000001BA742F49C0 49] Android_PowerVR_GE8xxx, [000001BA73CC5C00][000001BA742F8B40 49] Android_PowerVR_GM9xxx, [000001BA73DB1100][000001BA742FCCC0 49] Android_PowerVR_GM9xxx_Vulkan, [000001BA73CC5200][000001BA74300E40 49] Android_TegraK1, [000001BA73DB2C00][000001BA74304FC0 49] Android_Unknown_Vulkan, [000001BA73CC6A00][000001BA74309140 49] Lumin, [000001BA73DB2400][000001BA7435D2C0 49] Lumin_Desktop, [000001BA73CC6E00][000001BA74361440 49] HoloLens, 
[2022.04.24-09.14.03:450][  0]LogMeshReduction: Using QuadricMeshReduction for automatic static mesh reduction
[2022.04.24-09.14.03:450][  0]LogMeshReduction: Using SimplygonMeshReduction for automatic skeletal mesh reduction
[2022.04.24-09.14.03:450][  0]LogMeshReduction: Using ProxyLODMeshReduction for automatic mesh merging
[2022.04.24-09.14.03:450][  0]LogMeshReduction: No distributed automatic mesh merging module available
[2022.04.24-09.14.03:451][  0]LogMeshMerging: No distributed automatic mesh merging module available
[2022.04.24-09.14.03:483][  0]LogNetVersion: TheSpellingGame 1.0.0, NetCL: 17155196, EngineNetVer: 17, GameNetVer: 0 (Checksum: 417956880)
[2022.04.24-09.14.04:409][  0]LogTexture: Default maximum texture size for cubemaps generated from long-lat sources has been changed from 512 to unlimited. In order to preserve old behaiour for '/Engine/MapTemplates/Sky/DaylightAmbientCubemap.DaylightAmbientCubemap', its maximum texture size has been explicitly set to 512.
[2022.04.24-09.14.04:528][  0]LogHMD: PokeAHoleMaterial loaded successfully
[2022.04.24-09.14.04:541][  0]LogUObjectArray: 17178 objects as part of root set at end of initial load.
[2022.04.24-09.14.04:541][  0]LogUObjectAllocator: 4302048 out of 0 bytes used by permanent object pool.
[2022.04.24-09.14.04:541][  0]LogUObjectArray: CloseDisregardForGC: 0/0 objects in disregard for GC pool
[2022.04.24-09.14.05:200][  0]LogNiagaraDebuggerClient: Niagara Debugger Client Initialized | Session: CFE306A849CDC453008714A6BFDFC0C0 | Instance: 8CF04B5F4CDA5EDD0C03BF82482B8F9B (LENOVO-YOGA370-6536).
[2022.04.24-09.14.05:486][  0]LogPython: Using Python 3.7.7
[2022.04.24-09.14.06:774][  0]LogTcpMessaging: Initializing TcpMessaging bridge
[2022.04.24-09.14.06:809][  0]LogUdpMessaging: Initializing bridge on interface 0.0.0.0:0 to multicast group 230.0.0.1:6666.
[2022.04.24-09.14.07:223][  0]SourceControl: Source control is disabled
[2022.04.24-09.14.07:223][  0]SourceControl: Source control is disabled
[2022.04.24-09.14.07:239][  0]SourceControl: Source control is disabled
[2022.04.24-09.14.07:255][  0]SourceControl: Source control is disabled
[2022.04.24-09.14.07:364][  0]SourceControl: Source control is disabled
[2022.04.24-09.14.07:379][  0]LogUProjectInfo: Found projects:
[2022.04.24-09.14.07:823][  0]LogOpenImageDenoise: OIDN starting up
[2022.04.24-09.14.07:856][  0]LogAndroidPermission: UAndroidPermissionCallbackProxy::GetInstance
[2022.04.24-09.14.07:914][  0]LogAudioCaptureCore: Display: No Audio Capture implementations found. Audio input will be silent.
[2022.04.24-09.14.07:914][  0]LogAudioCaptureCore: Display: No Audio Capture implementations found. Audio input will be silent.
[2022.04.24-09.14.08:206][  0]LogCollectionManager: Loaded 0 collections in 0.001839 seconds
[2022.04.24-09.14.08:269][  0]LogFileCache: Scanning file cache for directory 'C:/Users/Lenita/Documents/GitHub/The-Spelling-Game/TheSpellingGame/Saved/Collections/' took 0.00s
[2022.04.24-09.14.08:269][  0]LogFileCache: Scanning file cache for directory 'C:/Users/Lenita/Documents/GitHub/The-Spelling-Game/TheSpellingGame/Content/Developers/Lenita/Collections/' took 0.00s
[2022.04.24-09.14.08:269][  0]LogFileCache: Scanning file cache for directory 'C:/Users/Lenita/Documents/GitHub/The-Spelling-Game/TheSpellingGame/Content/Collections/' took 0.00s
[2022.04.24-09.14.08:269][  0]LogOcInput: OculusInput pre-init called
[2022.04.24-09.14.08:874][  0]LogEngine: Initializing Engine...
[2022.04.24-09.14.08:879][  0]LogHMD: Failed to enumerate extensions. Please check that you have a valid OpenXR runtime installed.
[2022.04.24-09.14.08:880][  0]LogHMD: Failed to initialize OpenVR with code 110
[2022.04.24-09.14.08:880][  0]LogMagicLeap: Warning: VR disabled because ZI is not enabled.  To enable, in the editor, Edit -> Project Settings -> Plugins -> Magic Leap Plugin -> Enable Zero Iteration
[2022.04.24-09.14.08:882][  0]LogStats: UGameplayTagsManager::InitializeManager -  0.000 s
[2022.04.24-09.14.09:176][  0]LogInit: Initializing FReadOnlyCVARCache
[2022.04.24-09.14.09:201][  0]LogAIModule: Creating AISystem for world Untitled
[2022.04.24-09.14.09:223][  0]LogAudio: Display: Initializing Audio Device Manager...
[2022.04.24-09.14.09:231][  0]LogAudio: Display: Loading Default Audio Settings Objects...
[2022.04.24-09.14.09:232][  0]LogAudio: Display: No default SoundConcurrencyObject specified (or failed to load).
[2022.04.24-09.14.09:234][  0]LogAudio: Display: Audio Device Manager Initialized
[2022.04.24-09.14.09:234][  0]LogAudio: Display: Creating Audio Device:                 Id: 1, Scope: Shared, Realtime: True
[2022.04.24-09.14.09:234][  0]LogAudioMixer: Display: Audio Mixer Platform Settings:
[2022.04.24-09.14.09:234][  0]LogAudioMixer: Display: 	Sample Rate:						  48000
[2022.04.24-09.14.09:234][  0]LogAudioMixer: Display: 	Callback Buffer Frame Size Requested: 1024
[2022.04.24-09.14.09:234][  0]LogAudioMixer: Display: 	Callback Buffer Frame Size To Use:	  1024
[2022.04.24-09.14.09:234][  0]LogAudioMixer: Display: 	Number of buffers to queue:			  2
[2022.04.24-09.14.09:234][  0]LogAudioMixer: Display: 	Max Channels (voices):				  32
[2022.04.24-09.14.09:234][  0]LogAudioMixer: Display: 	Number of Async Source Workers:		  0
[2022.04.24-09.14.09:234][  0]LogAudio: Display: AudioDevice MaxSources: 32
[2022.04.24-09.14.09:235][  0]LogAudio: Display: Audio Spatialization Plugin: None (built-in).
[2022.04.24-09.14.09:235][  0]LogAudio: Display: Audio Reverb Plugin: None (built-in).
[2022.04.24-09.14.09:236][  0]LogAudio: Display: Audio Occlusion Plugin: None (built-in).
[2022.04.24-09.14.09:236][  0]LogAudioMixer: Display: Initializing audio mixer.
[2022.04.24-09.14.09:290][  0]LogAudioMixer: Display: 0: FrontLeft
[2022.04.24-09.14.09:290][  0]LogAudioMixer: Display: 1: FrontRight
[2022.04.24-09.14.09:558][  0]LogAudioMixer: Display: Using Audio Device Høyttalere/hodetelefoner (Conexant SmartAudio HD)
[2022.04.24-09.14.09:559][  0]LogAudioMixer: Display: Initializing Sound Submixes...
[2022.04.24-09.14.09:564][  0]LogAudioMixer: Display: Creating Master Submix 'MasterSubmixDefault'
[2022.04.24-09.14.09:564][  0]LogAudioMixer: Display: Creating Master Submix 'MasterReverbSubmixDefault'
[2022.04.24-09.14.09:566][  0]LogAudioMixer: Display: Creating Master Submix 'MasterEQSubmixDefault'
[2022.04.24-09.14.09:566][  0]LogAudioMixer: FMixerPlatformXAudio2::StartAudioStream() called
[2022.04.24-09.14.09:566][  0]LogAudioMixer: Display: Output buffers initialized: Frames=1024, Channels=2, Samples=2048
[2022.04.24-09.14.09:568][  0]LogAudioMixer: Display: Starting AudioMixerPlatformInterface::RunInternal()
[2022.04.24-09.14.09:568][  0]LogAudioMixer: Display: FMixerPlatformXAudio2::SubmitBuffer() called for the first time
[2022.04.24-09.14.09:568][  0]LogInit: FAudioDevice initialized.
[2022.04.24-09.14.09:568][  0]LogAudio: Display: Audio Device (ID: 1) registered with world 'Untitled'.
[2022.04.24-09.14.09:568][  0]LogNetVersion: Set ProjectVersion to 1.0.0.0. Version Checksum will be recalculated on next use.
[2022.04.24-09.14.09:657][  0]LogDerivedDataCache: Saved boot cache 0.09s 94MB C:/Users/Lenita/AppData/Local/UnrealEngine/4.27/DerivedDataCache/Boot.ddc.
[2022.04.24-09.14.09:657][  0]LogInit: Texture streaming: Enabled
[2022.04.24-09.14.09:688][  0]LogAnalytics: Display: [UEEditor.Rocket.Release] APIServer = https://datarouter.ol.epicgames.com/. AppVersion = 4.27.2-18319896+++UE4+Release-4.27
[2022.04.24-09.14.09:703][  0]LogEngineSessionManager: EngineSessionManager initialized
[2022.04.24-09.14.09:703][  0]LogEditorSessionSummary: Verbose: Initializing EditorSessionSummaryWriter for editor session tracking
[2022.04.24-09.14.09:724][  0]LogEditorSessionSummary: EditorSessionSummaryWriter initialized
[2022.04.24-09.14.09:758][  0]LogInit: Transaction tracking system initialized
[2022.04.24-09.14.09:811][  0]BlueprintLog: New page: Editor Load
[2022.04.24-09.14.10:001][  0]LocalizationService: Localization service is disabled
[2022.04.24-09.14.10:060][  0]TimingProfiler: Initialize
[2022.04.24-09.14.10:061][  0]TimingProfiler: OnSessionChanged
[2022.04.24-09.14.10:061][  0]LoadingProfiler: Initialize
[2022.04.24-09.14.10:061][  0]LoadingProfiler: OnSessionChanged
[2022.04.24-09.14.10:061][  0]NetworkingProfiler: Initialize
[2022.04.24-09.14.10:061][  0]NetworkingProfiler: OnSessionChanged
[2022.04.24-09.14.10:061][  0]MemoryProfiler: Initialize
[2022.04.24-09.14.10:061][  0]MemoryProfiler: OnSessionChanged
[2022.04.24-09.14.10:488][  0]LogCook: Display: CookSettings for Memory: MemoryMaxUsedVirtual 0MiB, MemoryMaxUsedPhysical 16384MiB, MemoryMinFreeVirtual 0MiB, MemoryMinFreePhysical 1024MiB
[2022.04.24-09.14.10:489][  0]LogCook: Display: Mobile HDR setting 1
[2022.04.24-09.14.10:934][  0]LogFileCache: Scanning file cache for directory 'C:/Users/Lenita/Documents/GitHub/The-Spelling-Game/TheSpellingGame/Content/' took 0.06s
[2022.04.24-09.14.11:461][  0]LogInit: Display: Engine is initialized. Leaving FEngineLoop::Init()
[2022.04.24-09.14.11:482][  0]SourceControl: Source control is disabled
[2022.04.24-09.14.11:482][  0]LogUnrealEdMisc: Loading editor; pre map load, took 15.465
[2022.04.24-09.14.11:482][  0]Cmd: MAP LOAD FILE="../../../Engine/Content/Maps/Templates/Template_Default.umap" TEMPLATE=1 SHOWPROGRESS=1 FEATURELEVEL=3
[2022.04.24-09.14.11:483][  0]LightingResults: New page: Lighting Build
[2022.04.24-09.14.11:486][  0]LogWorld: UWorld::CleanupWorld for Untitled, bSessionEnded=true, bCleanupResources=true
[2022.04.24-09.14.11:486][  0]LogSlate: InvalidateAllWidgets triggered.  All widgets were invalidated
[2022.04.24-09.14.11:486][  0]MapCheck: New page: Map Check
[2022.04.24-09.14.11:486][  0]LightingResults: New page: Lighting Build
[2022.04.24-09.14.12:031][  0]LogAudio: Display: Audio Device unregistered from world 'None'.
[2022.04.24-09.14.12:037][  0]LogUObjectHash: Compacting FUObjectHashTables data took   1.78ms
[2022.04.24-09.14.12:168][  0]LogAudio: Display: Audio Device (ID: 1) registered with world 'Untitled_1'.
[2022.04.24-09.14.12:170][  0]LogAIModule: Creating AISystem for world Untitled_1
[2022.04.24-09.14.12:177][  0]LogEditorServer: Finished looking for orphan Actors (0.000 secs)
[2022.04.24-09.14.13:187][  0]LogUObjectHash: Compacting FUObjectHashTables data took   1.74ms
[2022.04.24-09.14.13:187][  0]Cmd: MAP CHECKDEP NOCLEARLOG
[2022.04.24-09.14.13:188][  0]MapCheck: Map check complete: 0 Error(s), 0 Warning(s), took 0.342ms to complete.
[2022.04.24-09.14.13:188][  0]LogFileHelpers: Loading map 'Template_Default' took 1.707
[2022.04.24-09.14.13:191][  0]LogUnrealEdMisc: Total Editor Startup Time, took 17.175
[2022.04.24-09.14.13:379][  0]LogSlate: Updating window title bar state: overlay mode, drag disabled, window buttons hidden, title bar hidden
[2022.04.24-09.14.13:394][  0]LogSlate: Updating window title bar state: overlay mode, drag disabled, window buttons hidden, title bar hidden
[2022.04.24-09.14.13:409][  0]LogSlate: Updating window title bar state: overlay mode, drag disabled, window buttons hidden, title bar hidden
[2022.04.24-09.14.13:424][  0]LogSlate: Updating window title bar state: overlay mode, drag disabled, window buttons hidden, title bar hidden
[2022.04.24-09.14.13:475][  0]LogSlate: Updating window title bar state: overlay mode, drag disabled, window buttons hidden, title bar hidden
[2022.04.24-09.14.13:488][  0]LogSlate: Updating window title bar state: overlay mode, drag disabled, window buttons hidden, title bar hidden
[2022.04.24-09.14.13:502][  0]LogSlate: Updating window title bar state: overlay mode, drag disabled, window buttons hidden, title bar hidden
[2022.04.24-09.14.13:518][  0]LogSlate: Updating window title bar state: overlay mode, drag disabled, window buttons hidden, title bar hidden
[2022.04.24-09.14.13:585][  0]LogNativeClassHierarchy: Verbose: Native class hierarchy populated in 0.0217 seconds. Added 3822 classes and 928 folders.
[2022.04.24-09.14.13:628][  0]LogNativeClassHierarchy: Verbose: Native class hierarchy updated for 'WidgetCarousel' in 0.0004 seconds. Added 0 classes and 0 folders.
[2022.04.24-09.14.13:630][  0]LogPakFile: PakFile PrimaryIndexSize=187
[2022.04.24-09.14.13:630][  0]LogPakFile: PakFile PathHashIndexSize=101
[2022.04.24-09.14.13:630][  0]LogPakFile: PakFile FullDirectoryIndexSize=148
[2022.04.24-09.14.13:631][  0]LogShaderLibrary: Display: ShaderCodeLibraryPakFileMountedCallback: PakFile 'C:/Program Files/Epic Games/UE_4.27/FeaturePacks/FP_FirstPerson.upack' (chunk index -1, root 'root:/') mounted
[2022.04.24-09.14.13:631][  0]LogShaderLibrary: Display: ShaderCodeLibraryPakFileMountedCallback: pending pak file info (ChunkID:-1 Root:root:/ File:C:/Program Files/Epic Games/UE_4.27/FeaturePacks/FP_FirstPerson.upack)
[2022.04.24-09.14.13:631][  0]LogPakFile: OnPakFileMounted2Time == 0.000106
[2022.04.24-09.14.13:632][  0]LogPakFile: PakFile PrimaryIndexSize=189
[2022.04.24-09.14.13:632][  0]LogPakFile: PakFile PathHashIndexSize=101
[2022.04.24-09.14.13:632][  0]LogPakFile: PakFile FullDirectoryIndexSize=152
[2022.04.24-09.14.13:632][  0]LogShaderLibrary: Display: ShaderCodeLibraryPakFileMountedCallback: PakFile 'C:/Program Files/Epic Games/UE_4.27/FeaturePacks/FP_FirstPersonBP.upack' (chunk index -1, root 'root:/') mounted
[2022.04.24-09.14.13:632][  0]LogShaderLibrary: Display: ShaderCodeLibraryPakFileMountedCallback: pending pak file info (ChunkID:-1 Root:root:/ File:C:/Program Files/Epic Games/UE_4.27/FeaturePacks/FP_FirstPersonBP.upack)
[2022.04.24-09.14.13:632][  0]LogPakFile: OnPakFileMounted2Time == 0.000153
[2022.04.24-09.14.13:633][  0]LogPakFile: PakFile PrimaryIndexSize=191
[2022.04.24-09.14.13:634][  0]LogPakFile: PakFile PathHashIndexSize=101
[2022.04.24-09.14.13:634][  0]LogPakFile: PakFile FullDirectoryIndexSize=160
[2022.04.24-09.14.13:634][  0]LogShaderLibrary: Display: ShaderCodeLibraryPakFileMountedCallback: PakFile 'C:/Program Files/Epic Games/UE_4.27/FeaturePacks/MobileStarterContent.upack' (chunk index -1, root 'root:/') mounted
[2022.04.24-09.14.13:634][  0]LogShaderLibrary: Display: ShaderCodeLibraryPakFileMountedCallback: pending pak file info (ChunkID:-1 Root:root:/ File:C:/Program Files/Epic Games/UE_4.27/FeaturePacks/MobileStarterContent.upack)
[2022.04.24-09.14.13:634][  0]LogPakFile: OnPakFileMounted2Time == 0.000160
[2022.04.24-09.14.13:635][  0]LogPakFile: PakFile PrimaryIndexSize=185
[2022.04.24-09.14.13:635][  0]LogPakFile: PakFile PathHashIndexSize=101
[2022.04.24-09.14.13:635][  0]LogPakFile: PakFile FullDirectoryIndexSize=148
[2022.04.24-09.14.13:635][  0]LogShaderLibrary: Display: ShaderCodeLibraryPakFileMountedCallback: PakFile 'C:/Program Files/Epic Games/UE_4.27/FeaturePacks/StarterContent.upack' (chunk index -1, root 'root:/') mounted
[2022.04.24-09.14.13:635][  0]LogShaderLibrary: Display: ShaderCodeLibraryPakFileMountedCallback: pending pak file info (ChunkID:-1 Root:root:/ File:C:/Program Files/Epic Games/UE_4.27/FeaturePacks/StarterContent.upack)
[2022.04.24-09.14.13:635][  0]LogPakFile: OnPakFileMounted2Time == 0.000070
[2022.04.24-09.14.13:637][  0]LogPakFile: PakFile PrimaryIndexSize=190
[2022.04.24-09.14.13:637][  0]LogPakFile: PakFile PathHashIndexSize=101
[2022.04.24-09.14.13:637][  0]LogPakFile: PakFile FullDirectoryIndexSize=154
[2022.04.24-09.14.13:637][  0]LogShaderLibrary: Display: ShaderCodeLibraryPakFileMountedCallback: PakFile 'C:/Program Files/Epic Games/UE_4.27/FeaturePacks/TP_2DSideScroller.upack' (chunk index -1, root 'root:/') mounted
[2022.04.24-09.14.13:637][  0]LogShaderLibrary: Display: ShaderCodeLibraryPakFileMountedCallback: pending pak file info (ChunkID:-1 Root:root:/ File:C:/Program Files/Epic Games/UE_4.27/FeaturePacks/TP_2DSideScroller.upack)
[2022.04.24-09.14.13:637][  0]LogPakFile: OnPakFileMounted2Time == 0.000059
[2022.04.24-09.14.13:638][  0]LogPakFile: PakFile PrimaryIndexSize=192
[2022.04.24-09.14.13:638][  0]LogPakFile: PakFile PathHashIndexSize=101
[2022.04.24-09.14.13:638][  0]LogPakFile: PakFile FullDirectoryIndexSize=158
[2022.04.24-09.14.13:638][  0]LogShaderLibrary: Display: ShaderCodeLibraryPakFileMountedCallback: PakFile 'C:/Program Files/Epic Games/UE_4.27/FeaturePacks/TP_2DSideScrollerBP.upack' (chunk index -1, root 'root:/') mounted
[2022.04.24-09.14.13:638][  0]LogShaderLibrary: Display: ShaderCodeLibraryPakFileMountedCallback: pending pak file info (ChunkID:-1 Root:root:/ File:C:/Program Files/Epic Games/UE_4.27/FeaturePacks/TP_2DSideScrollerBP.upack)
[2022.04.24-09.14.13:638][  0]LogPakFile: OnPakFileMounted2Time == 0.000060
[2022.04.24-09.14.13:638][  0]LogPakFile: PakFile PrimaryIndexSize=182
[2022.04.24-09.14.13:638][  0]LogPakFile: PakFile PathHashIndexSize=101
[2022.04.24-09.14.13:638][  0]LogPakFile: PakFile FullDirectoryIndexSize=138
[2022.04.24-09.14.13:639][  0]LogShaderLibrary: Display: ShaderCodeLibraryPakFileMountedCallback: PakFile 'C:/Program Files/Epic Games/UE_4.27/FeaturePacks/TP_Flying.upack' (chunk index -1, root 'root:/') mounted
[2022.04.24-09.14.13:639][  0]LogShaderLibrary: Display: ShaderCodeLibraryPakFileMountedCallback: pending pak file info (ChunkID:-1 Root:root:/ File:C:/Program Files/Epic Games/UE_4.27/FeaturePacks/TP_Flying.upack)
[2022.04.24-09.14.13:639][  0]LogPakFile: OnPakFileMounted2Time == 0.000067
[2022.04.24-09.14.13:639][  0]LogPakFile: PakFile PrimaryIndexSize=184
[2022.04.24-09.14.13:639][  0]LogPakFile: PakFile PathHashIndexSize=101
[2022.04.24-09.14.13:639][  0]LogPakFile: PakFile FullDirectoryIndexSize=142
[2022.04.24-09.14.13:639][  0]LogShaderLibrary: Display: ShaderCodeLibraryPakFileMountedCallback: PakFile 'C:/Program Files/Epic Games/UE_4.27/FeaturePacks/TP_FlyingBP.upack' (chunk index -1, root 'root:/') mounted
[2022.04.24-09.14.13:639][  0]LogShaderLibrary: Display: ShaderCodeLibraryPakFileMountedCallback: pending pak file info (ChunkID:-1 Root:root:/ File:C:/Program Files/Epic Games/UE_4.27/FeaturePacks/TP_FlyingBP.upack)
[2022.04.24-09.14.13:640][  0]LogPakFile: OnPakFileMounted2Time == 0.000065
[2022.04.24-09.14.13:640][  0]LogPakFile: PakFile PrimaryIndexSize=188
[2022.04.24-09.14.13:640][  0]LogPakFile: PakFile PathHashIndexSize=101
[2022.04.24-09.14.13:640][  0]LogPakFile: PakFile FullDirectoryIndexSize=150
[2022.04.24-09.14.13:640][  0]LogShaderLibrary: Display: ShaderCodeLibraryPakFileMountedCallback: PakFile 'C:/Program Files/Epic Games/UE_4.27/FeaturePacks/TP_HandheldARBP.upack' (chunk index -1, root 'root:/') mounted
[2022.04.24-09.14.13:640][  0]LogShaderLibrary: Display: ShaderCodeLibraryPakFileMountedCallback: pending pak file info (ChunkID:-1 Root:root:/ File:C:/Program Files/Epic Games/UE_4.27/FeaturePacks/TP_HandheldARBP.upack)
[2022.04.24-09.14.13:640][  0]LogPakFile: OnPakFileMounted2Time == 0.000053
[2022.04.24-09.14.13:642][  0]LogPakFile: PakFile PrimaryIndexSize=182
[2022.04.24-09.14.13:642][  0]LogPakFile: PakFile PathHashIndexSize=101
[2022.04.24-09.14.13:642][  0]LogPakFile: PakFile FullDirectoryIndexSize=138
[2022.04.24-09.14.13:642][  0]LogShaderLibrary: Display: ShaderCodeLibraryPakFileMountedCallback: PakFile 'C:/Program Files/Epic Games/UE_4.27/FeaturePacks/TP_Puzzle.upack' (chunk index -1, root 'root:/') mounted
[2022.04.24-09.14.13:642][  0]LogShaderLibrary: Display: ShaderCodeLibraryPakFileMountedCallback: pending pak file info (ChunkID:-1 Root:root:/ File:C:/Program Files/Epic Games/UE_4.27/FeaturePacks/TP_Puzzle.upack)
[2022.04.24-09.14.13:642][  0]LogPakFile: OnPakFileMounted2Time == 0.000064
[2022.04.24-09.14.13:642][  0]LogPakFile: PakFile PrimaryIndexSize=184
[2022.04.24-09.14.13:642][  0]LogPakFile: PakFile PathHashIndexSize=101
[2022.04.24-09.14.13:642][  0]LogPakFile: PakFile FullDirectoryIndexSize=142
[2022.04.24-09.14.13:643][  0]LogShaderLibrary: Display: ShaderCodeLibraryPakFileMountedCallback: PakFile 'C:/Program Files/Epic Games/UE_4.27/FeaturePacks/TP_PuzzleBP.upack' (chunk index -1, root 'root:/') mounted
[2022.04.24-09.14.13:643][  0]LogShaderLibrary: Display: ShaderCodeLibraryPakFileMountedCallback: pending pak file info (ChunkID:-1 Root:root:/ File:C:/Program Files/Epic Games/UE_4.27/FeaturePacks/TP_PuzzleBP.upack)
[2022.04.24-09.14.13:643][  0]LogPakFile: OnPakFileMounted2Time == 0.000060
[2022.04.24-09.14.13:644][  0]LogPakFile: PakFile PrimaryIndexSize=183
[2022.04.24-09.14.13:644][  0]LogPakFile: PakFile PathHashIndexSize=101
[2022.04.24-09.14.13:644][  0]LogPakFile: PakFile FullDirectoryIndexSize=140
[2022.04.24-09.14.13:644][  0]LogShaderLibrary: Display: ShaderCodeLibraryPakFileMountedCallback: PakFile 'C:/Program Files/Epic Games/UE_4.27/FeaturePacks/TP_Rolling.upack' (chunk index -1, root 'root:/') mounted
[2022.04.24-09.14.13:644][  0]LogShaderLibrary: Display: ShaderCodeLibraryPakFileMountedCallback: pending pak file info (ChunkID:-1 Root:root:/ File:C:/Program Files/Epic Games/UE_4.27/FeaturePacks/TP_Rolling.upack)
[2022.04.24-09.14.13:644][  0]LogPakFile: OnPakFileMounted2Time == 0.000058
[2022.04.24-09.14.13:644][  0]LogPakFile: PakFile PrimaryIndexSize=185
[2022.04.24-09.14.13:645][  0]LogPakFile: PakFile PathHashIndexSize=101
[2022.04.24-09.14.13:645][  0]LogPakFile: PakFile FullDirectoryIndexSize=144
[2022.04.24-09.14.13:645][  0]LogShaderLibrary: Display: ShaderCodeLibraryPakFileMountedCallback: PakFile 'C:/Program Files/Epic Games/UE_4.27/FeaturePacks/TP_RollingBP.upack' (chunk index -1, root 'root:/') mounted
[2022.04.24-09.14.13:645][  0]LogShaderLibrary: Display: ShaderCodeLibraryPakFileMountedCallback: pending pak file info (ChunkID:-1 Root:root:/ File:C:/Program Files/Epic Games/UE_4.27/FeaturePacks/TP_RollingBP.upack)
[2022.04.24-09.14.13:645][  0]LogPakFile: OnPakFileMounted2Time == 0.000059
[2022.04.24-09.14.13:645][  0]LogPakFile: PakFile PrimaryIndexSize=188
[2022.04.24-09.14.13:646][  0]LogPakFile: PakFile PathHashIndexSize=101
[2022.04.24-09.14.13:646][  0]LogPakFile: PakFile FullDirectoryIndexSize=150
[2022.04.24-09.14.13:646][  0]LogShaderLibrary: Display: ShaderCodeLibraryPakFileMountedCallback: PakFile 'C:/Program Files/Epic Games/UE_4.27/FeaturePacks/TP_SideScroller.upack' (chunk index -1, root 'root:/') mounted
[2022.04.24-09.14.13:646][  0]LogShaderLibrary: Display: ShaderCodeLibraryPakFileMountedCallback: pending pak file info (ChunkID:-1 Root:root:/ File:C:/Program Files/Epic Games/UE_4.27/FeaturePacks/TP_SideScroller.upack)
[2022.04.24-09.14.13:646][  0]LogPakFile: OnPakFileMounted2Time == 0.000113
[2022.04.24-09.14.13:647][  0]LogPakFile: PakFile PrimaryIndexSize=190
[2022.04.24-09.14.13:647][  0]LogPakFile: PakFile PathHashIndexSize=101
[2022.04.24-09.14.13:647][  0]LogPakFile: PakFile FullDirectoryIndexSize=154
[2022.04.24-09.14.13:647][  0]LogShaderLibrary: Display: ShaderCodeLibraryPakFileMountedCallback: PakFile 'C:/Program Files/Epic Games/UE_4.27/FeaturePacks/TP_SideScrollerBP.upack' (chunk index -1, root 'root:/') mounted
[2022.04.24-09.14.13:647][  0]LogShaderLibrary: Display: ShaderCodeLibraryPakFileMountedCallback: pending pak file info (ChunkID:-1 Root:root:/ File:C:/Program Files/Epic Games/UE_4.27/FeaturePacks/TP_SideScrollerBP.upack)
[2022.04.24-09.14.13:647][  0]LogPakFile: OnPakFileMounted2Time == 0.000073
[2022.04.24-09.14.13:648][  0]LogPakFile: PakFile PrimaryIndexSize=187
[2022.04.24-09.14.13:648][  0]LogPakFile: PakFile PathHashIndexSize=101
[2022.04.24-09.14.13:648][  0]LogPakFile: PakFile FullDirectoryIndexSize=148
[2022.04.24-09.14.13:648][  0]LogShaderLibrary: Display: ShaderCodeLibraryPakFileMountedCallback: PakFile 'C:/Program Files/Epic Games/UE_4.27/FeaturePacks/TP_ThirdPerson.upack' (chunk index -1, root 'root:/') mounted
[2022.04.24-09.14.13:648][  0]LogShaderLibrary: Display: ShaderCodeLibraryPakFileMountedCallback: pending pak file info (ChunkID:-1 Root:root:/ File:C:/Program Files/Epic Games/UE_4.27/FeaturePacks/TP_ThirdPerson.upack)
[2022.04.24-09.14.13:648][  0]LogPakFile: OnPakFileMounted2Time == 0.000061
[2022.04.24-09.14.13:649][  0]LogPakFile: PakFile PrimaryIndexSize=189
[2022.04.24-09.14.13:649][  0]LogPakFile: PakFile PathHashIndexSize=101
[2022.04.24-09.14.13:650][  0]LogPakFile: PakFile FullDirectoryIndexSize=152
[2022.04.24-09.14.13:650][  0]LogShaderLibrary: Display: ShaderCodeLibraryPakFileMountedCallback: PakFile 'C:/Program Files/Epic Games/UE_4.27/FeaturePacks/TP_ThirdPersonBP.upack' (chunk index -1, root 'root:/') mounted
[2022.04.24-09.14.13:650][  0]LogShaderLibrary: Display: ShaderCodeLibraryPakFileMountedCallback: pending pak file info (ChunkID:-1 Root:root:/ File:C:/Program Files/Epic Games/UE_4.27/FeaturePacks/TP_ThirdPersonBP.upack)
[2022.04.24-09.14.13:650][  0]LogPakFile: OnPakFileMounted2Time == 0.000079
[2022.04.24-09.14.13:651][  0]LogPakFile: PakFile PrimaryIndexSize=183
[2022.04.24-09.14.13:651][  0]LogPakFile: PakFile PathHashIndexSize=101
[2022.04.24-09.14.13:651][  0]LogPakFile: PakFile FullDirectoryIndexSize=140
[2022.04.24-09.14.13:651][  0]LogShaderLibrary: Display: ShaderCodeLibraryPakFileMountedCallback: PakFile 'C:/Program Files/Epic Games/UE_4.27/FeaturePacks/TP_TopDown.upack' (chunk index -1, root 'root:/') mounted
[2022.04.24-09.14.13:651][  0]LogShaderLibrary: Display: ShaderCodeLibraryPakFileMountedCallback: pending pak file info (ChunkID:-1 Root:root:/ File:C:/Program Files/Epic Games/UE_4.27/FeaturePacks/TP_TopDown.upack)
[2022.04.24-09.14.13:651][  0]LogPakFile: OnPakFileMounted2Time == 0.000100
[2022.04.24-09.14.13:652][  0]LogPakFile: PakFile PrimaryIndexSize=185
[2022.04.24-09.14.13:652][  0]LogPakFile: PakFile PathHashIndexSize=101
[2022.04.24-09.14.13:652][  0]LogPakFile: PakFile FullDirectoryIndexSize=144
[2022.04.24-09.14.13:652][  0]LogShaderLibrary: Display: ShaderCodeLibraryPakFileMountedCallback: PakFile 'C:/Program Files/Epic Games/UE_4.27/FeaturePacks/TP_TopDownBP.upack' (chunk index -1, root 'root:/') mounted
[2022.04.24-09.14.13:652][  0]LogShaderLibrary: Display: ShaderCodeLibraryPakFileMountedCallback: pending pak file info (ChunkID:-1 Root:root:/ File:C:/Program Files/Epic Games/UE_4.27/FeaturePacks/TP_TopDownBP.upack)
[2022.04.24-09.14.13:652][  0]LogPakFile: OnPakFileMounted2Time == 0.000057
[2022.04.24-09.14.13:653][  0]LogPakFile: PakFile PrimaryIndexSize=185
[2022.04.24-09.14.13:653][  0]LogPakFile: PakFile PathHashIndexSize=101
[2022.04.24-09.14.13:653][  0]LogPakFile: PakFile FullDirectoryIndexSize=144
[2022.04.24-09.14.13:653][  0]LogShaderLibrary: Display: ShaderCodeLibraryPakFileMountedCallback: PakFile 'C:/Program Files/Epic Games/UE_4.27/FeaturePacks/TP_TwinStick.upack' (chunk index -1, root 'root:/') mounted
[2022.04.24-09.14.13:653][  0]LogShaderLibrary: Display: ShaderCodeLibraryPakFileMountedCallback: pending pak file info (ChunkID:-1 Root:root:/ File:C:/Program Files/Epic Games/UE_4.27/FeaturePacks/TP_TwinStick.upack)
[2022.04.24-09.14.13:653][  0]LogPakFile: OnPakFileMounted2Time == 0.000055
[2022.04.24-09.14.13:654][  0]LogPakFile: PakFile PrimaryIndexSize=187
[2022.04.24-09.14.13:654][  0]LogPakFile: PakFile PathHashIndexSize=101
[2022.04.24-09.14.13:654][  0]LogPakFile: PakFile FullDirectoryIndexSize=148
[2022.04.24-09.14.13:654][  0]LogShaderLibrary: Display: ShaderCodeLibraryPakFileMountedCallback: PakFile 'C:/Program Files/Epic Games/UE_4.27/FeaturePacks/TP_TwinStickBP.upack' (chunk index -1, root 'root:/') mounted
[2022.04.24-09.14.13:654][  0]LogShaderLibrary: Display: ShaderCodeLibraryPakFileMountedCallback: pending pak file info (ChunkID:-1 Root:root:/ File:C:/Program Files/Epic Games/UE_4.27/FeaturePacks/TP_TwinStickBP.upack)
[2022.04.24-09.14.13:654][  0]LogPakFile: OnPakFileMounted2Time == 0.000094
[2022.04.24-09.14.13:655][  0]LogPakFile: PakFile PrimaryIndexSize=183
[2022.04.24-09.14.13:655][  0]LogPakFile: PakFile PathHashIndexSize=101
[2022.04.24-09.14.13:655][  0]LogPakFile: PakFile FullDirectoryIndexSize=140
[2022.04.24-09.14.13:655][  0]LogShaderLibrary: Display: ShaderCodeLibraryPakFileMountedCallback: PakFile 'C:/Program Files/Epic Games/UE_4.27/FeaturePacks/TP_Vehicle.upack' (chunk index -1, root 'root:/') mounted
[2022.04.24-09.14.13:655][  0]LogShaderLibrary: Display: ShaderCodeLibraryPakFileMountedCallback: pending pak file info (ChunkID:-1 Root:root:/ File:C:/Program Files/Epic Games/UE_4.27/FeaturePacks/TP_Vehicle.upack)
[2022.04.24-09.14.13:655][  0]LogPakFile: OnPakFileMounted2Time == 0.000060
[2022.04.24-09.14.13:655][  0]LogPakFile: PakFile PrimaryIndexSize=186
[2022.04.24-09.14.13:656][  0]LogPakFile: PakFile PathHashIndexSize=101
[2022.04.24-09.14.13:656][  0]LogPakFile: PakFile FullDirectoryIndexSize=146
[2022.04.24-09.14.13:656][  0]LogShaderLibrary: Display: ShaderCodeLibraryPakFileMountedCallback: PakFile 'C:/Program Files/Epic Games/UE_4.27/FeaturePacks/TP_VehicleAdv.upack' (chunk index -1, root 'root:/') mounted
[2022.04.24-09.14.13:656][  0]LogShaderLibrary: Display: ShaderCodeLibraryPakFileMountedCallback: pending pak file info (ChunkID:-1 Root:root:/ File:C:/Program Files/Epic Games/UE_4.27/FeaturePacks/TP_VehicleAdv.upack)
[2022.04.24-09.14.13:656][  0]LogPakFile: OnPakFileMounted2Time == 0.000086
[2022.04.24-09.14.13:657][  0]LogPakFile: PakFile PrimaryIndexSize=188
[2022.04.24-09.14.13:657][  0]LogPakFile: PakFile PathHashIndexSize=101
[2022.04.24-09.14.13:657][  0]LogPakFile: PakFile FullDirectoryIndexSize=150
[2022.04.24-09.14.13:657][  0]LogShaderLibrary: Display: ShaderCodeLibraryPakFileMountedCallback: PakFile 'C:/Program Files/Epic Games/UE_4.27/FeaturePacks/TP_VehicleAdvBP.upack' (chunk index -1, root 'root:/') mounted
[2022.04.24-09.14.13:657][  0]LogShaderLibrary: Display: ShaderCodeLibraryPakFileMountedCallback: pending pak file info (ChunkID:-1 Root:root:/ File:C:/Program Files/Epic Games/UE_4.27/FeaturePacks/TP_VehicleAdvBP.upack)
[2022.04.24-09.14.13:657][  0]LogPakFile: OnPakFileMounted2Time == 0.000062
[2022.04.24-09.14.13:659][  0]LogPakFile: PakFile PrimaryIndexSize=185
[2022.04.24-09.14.13:659][  0]LogPakFile: PakFile PathHashIndexSize=101
[2022.04.24-09.14.13:659][  0]LogPakFile: PakFile FullDirectoryIndexSize=144
[2022.04.24-09.14.13:659][  0]LogShaderLibrary: Display: ShaderCodeLibraryPakFileMountedCallback: PakFile 'C:/Program Files/Epic Games/UE_4.27/FeaturePacks/TP_VehicleBP.upack' (chunk index -1, root 'root:/') mounted
[2022.04.24-09.14.13:659][  0]LogShaderLibrary: Display: ShaderCodeLibraryPakFileMountedCallback: pending pak file info (ChunkID:-1 Root:root:/ File:C:/Program Files/Epic Games/UE_4.27/FeaturePacks/TP_VehicleBP.upack)
[2022.04.24-09.14.13:659][  0]LogPakFile: OnPakFileMounted2Time == 0.000113
[2022.04.24-09.14.13:660][  0]LogPakFile: PakFile PrimaryIndexSize=192
[2022.04.24-09.14.13:660][  0]LogPakFile: PakFile PathHashIndexSize=101
[2022.04.24-09.14.13:660][  0]LogPakFile: PakFile FullDirectoryIndexSize=158
[2022.04.24-09.14.13:660][  0]LogShaderLibrary: Display: ShaderCodeLibraryPakFileMountedCallback: PakFile 'C:/Program Files/Epic Games/UE_4.27/FeaturePacks/TP_VirtualRealityBP.upack' (chunk index -1, root 'root:/') mounted
[2022.04.24-09.14.13:660][  0]LogShaderLibrary: Display: ShaderCodeLibraryPakFileMountedCallback: pending pak file info (ChunkID:-1 Root:root:/ File:C:/Program Files/Epic Games/UE_4.27/FeaturePacks/TP_VirtualRealityBP.upack)
[2022.04.24-09.14.13:660][  0]LogPakFile: OnPakFileMounted2Time == 0.000134
[2022.04.24-09.14.13:722][  0]LogNativeClassHierarchy: Verbose: Native class hierarchy updated for 'AddContentDialog' in 0.0003 seconds. Added 0 classes and 0 folders.
[2022.04.24-09.14.13:888][  0]LogSlate: Took 0.000491 seconds to synchronously load lazily loaded font '../../../Engine/Content/Slate/Fonts/Roboto-Regular.ttf' (155K)
[2022.04.24-09.14.13:933][  0]LogSlate: Took 0.039379 seconds to synchronously load lazily loaded font '../../../Engine/Content/Editor/Slate/Fonts/FontAwesome.ttf' (139K)
[2022.04.24-09.14.13:943][  0]LogSlate: Took 0.000364 seconds to synchronously load lazily loaded font '../../../Engine/Content/Slate/Fonts/Roboto-Bold.ttf' (160K)
[2022.04.24-09.14.14:210][  0]LogRenderer: Reallocating scene render targets to support 872x448 Format 10 NumSamples 1 (Frame:1).
[2022.04.24-09.14.14:489][  0]LogNativeClassHierarchy: Verbose: Native class hierarchy updated for 'HierarchicalLODOutliner' in 0.0006 seconds. Added 0 classes and 0 folders.
[2022.04.24-09.14.14:489][  0]LogLoad: (Engine Initialization) Total time: 18.47 seconds
[2022.04.24-09.14.14:489][  0]LogLoad: (Engine Initialization) Total Blueprint compile time: 0.00 seconds
[2022.04.24-09.14.14:583][  0]LogContentStreaming: Texture pool size now 1000 MB
[2022.04.24-09.14.14:940][  1]LogAssetRegistry: Asset discovery search completed in 12.2740 seconds
[2022.04.24-09.14.14:956][  1]LogCollectionManager: Fixed up redirectors for 0 collections in 0.000008 seconds (updated 0 objects)
[2022.04.24-09.14.15:284][  6]LogSlate: Took 0.000443 seconds to synchronously load lazily loaded font '../../../Engine/Content/Slate/Fonts/Roboto-Light.ttf' (167K)
