  Using 'git status' to determine working set for adaptive non-unity build (C:\Users\Lenita\Documents\GitHub\The-Spelling-Game).
  Creating makefile for TheSpellingGameEditor (no existing makefile)
  Parsing headers for TheSpellingGameEditor
    Running UnrealHeaderTool "C:\Users\Lenita\Documents\GitHub\The-Spelling-Game\TheSpellingGame\TheSpellingGame.uproject" "C:\Users\Lenita\Documents\GitHub\The-Spelling-Game\TheSpellingGame\Intermediate\Build\Win64\TheSpellingGameEditor\Development\TheSpellingGameEditor.uhtmanifest" -LogCmds="loginit warning, logexit warning, logdatabase error" -Unattended -WarningsAsErrors -abslog="C:\Users\Lenita\AppData\Local\UnrealBuildTool\Log_UHT.txt" -installed
  LogInit: Display: Loading text-based GConfig....
  Reflection code generated for TheSpellingGameEditor in 31.6691495 seconds
  Building TheSpellingGameEditor...
  Using Visual Studio 2019 14.28.29336 toolchain (C:\Program Files (x86)\Microsoft Visual Studio\2019\Community\VC\Tools\MSVC\14.28.29333) and Windows 10.0.18362.0 SDK (C:\Program Files (x86)\Windows Kits\10).
  Building 21 actions with 4 processes...
    [1/21] Default.rc2
    [2/21] SharedPCH.Engine.ShadowErrors.cpp
    [3/21] AnotherCharacter.cpp
    [4/21] CustomPlayer.cpp
C:\Users\Lenita\Documents\GitHub\The-Spelling-Game\TheSpellingGame\Source\TheSpellingGame\CustomPlayer.cpp(76): error C2065: 'S': undeclared identifier
    [5/21] CustomPlayerActions.cpp
    [6/21] CustomEnemy.cpp
    [7/21] TheSpellingGame.cpp
    [8/21] Spells.cpp
    [9/21] EnemyBehaviour.cpp
    [10/21] AnotherCharacter.gen.cpp
    [11/21] CustomEnemy.gen.cpp
    [12/21] UI_Character_Controller.cpp
    [13/21] CustomPlayer.gen.cpp
    [14/21] CustomPlayerActions.gen.cpp
    [15/21] EnemyBehaviour.gen.cpp
    [16/21] Spells.gen.cpp
    [17/21] TheSpellingGame.init.gen.cpp
    [18/21] UI_Character_Controller.gen.cpp
C:\Program Files (x86)\Microsoft Visual Studio\2019\Community\MSBuild\Microsoft\VC\v160\Microsoft.MakeFile.Targets(45,5): error MSB3073: The command ""C:\Program Files\Epic Games\UE_4.27\Engine\Build\BatchFiles\Build.bat" TheSpellingGameEditor Win64 Development -Project="C:\Users\Lenita\Documents\GitHub\The-Spelling-Game\TheSpellingGame\TheSpellingGame.uproject" -WaitMutex -FromMsBuild" exited with code 6.
